[Header]
Signature=VISE
Version=0001
RemoveInUseFiles=0
RegistryKeyName=SvenCoop
Product Name=Sven Co-op 3.0
[WinNT]
AdminPrivileges=1
[Directories2]
0=c:\sierra
count=118
1=c:\sierra\half-life
2=D:\Downloads
3=D:\Downloads\Sven
4=D:\Downloads\Sven\SvenCoop
5=D:\Downloads\Sven\SvenCoop\cl_dlls
6=D:\Downloads\Sven\SvenCoop\dlls
7=D:\Downloads\Sven\SvenCoop\maps
8=D:\Downloads\Sven\SvenCoop\maps\graphs
9=D:\Downloads\Sven\SvenCoop\maps\steam
10=D:\Downloads\Sven\SvenCoop\maps\won
11=D:\Downloads\Sven\SvenCoop\models
12=D:\Downloads\Sven\SvenCoop\models\afrikakorps
13=D:\Downloads\Sven\SvenCoop\models\afrikakorps\enemy
14=D:\Downloads\Sven\SvenCoop\models\afrikakorps\misc
15=D:\Downloads\Sven\SvenCoop\models\afrikakorps\weapons
16=D:\Downloads\Sven\SvenCoop\models\player
17=D:\Downloads\Sven\SvenCoop\models\player\otis
18=D:\Downloads\Sven\SvenCoop\models\player\helmet
19=D:\Downloads\Sven\SvenCoop\models\player\aswat
20=D:\Downloads\Sven\SvenCoop\models\player\barney
21=D:\Downloads\Sven\SvenCoop\models\player\cannibal
22=D:\Downloads\Sven\SvenCoop\models\player\cl_suit
23=D:\Downloads\Sven\SvenCoop\models\player\etac
24=D:\Downloads\Sven\SvenCoop\models\player\fassn
25=D:\Downloads\Sven\SvenCoop\models\player\gina
26=D:\Downloads\Sven\SvenCoop\models\player\gman
27=D:\Downloads\Sven\SvenCoop\models\player\gordon
28=D:\Downloads\Sven\SvenCoop\models\player\grunt
29=D:\Downloads\Sven\SvenCoop\models\player\mandalorian
30=D:\Downloads\Sven\SvenCoop\models\player\massn
31=D:\Downloads\Sven\SvenCoop\models\player\obi09
32=D:\Downloads\Sven\SvenCoop\models\player\punisher
33=D:\Downloads\Sven\SvenCoop\models\player\recon
34=D:\Downloads\Sven\SvenCoop\models\player\robo
35=D:\Downloads\Sven\SvenCoop\models\player\scientist
36=D:\Downloads\Sven\SvenCoop\models\player\tower
37=D:\Downloads\Sven\SvenCoop\models\player\trinityrage
38=D:\Downloads\Sven\SvenCoop\models\player\unm_barney
39=D:\Downloads\Sven\SvenCoop\models\player\uscm
40=D:\Downloads\Sven\SvenCoop\models\player\zombie
41=D:\Downloads\Sven\SvenCoop\models\sandstone
42=D:\Downloads\Sven\SvenCoop\models\sp
43=D:\Downloads\Sven\SvenCoop\models\vger
44=D:\Downloads\Sven\SvenCoop\models\auspices
45=D:\Downloads\Sven\SvenCoop\models\toonrun
46=D:\Downloads\Sven\SvenCoop\models\greysnake
47=D:\Downloads\Sven\SvenCoop\models\assaultmesa2
48=D:\Downloads\Sven\SvenCoop\models\bmt
49=D:\Downloads\Sven\SvenCoop\models\bmt\aqua
50=D:\Downloads\Sven\SvenCoop\models\bmt\barney
51=D:\Downloads\Sven\SvenCoop\models\bmt\crowbar
52=D:\Downloads\Sven\SvenCoop\models\bmt\eagle
53=D:\Downloads\Sven\SvenCoop\models\bmt\icky
54=D:\Downloads\Sven\SvenCoop\models\bmt\sci
55=D:\Downloads\Sven\SvenCoop\models\footgarg
56=D:\Downloads\Sven\SvenCoop\models\gmantowers
57=D:\Downloads\Sven\SvenCoop\models\infiltrate
58=D:\Downloads\Sven\SvenCoop\models\mmm
59=D:\Downloads\Sven\SvenCoop\models\svencoop2
60=D:\Downloads\Sven\SvenCoop\models\svencooprpg2
61=D:\Downloads\Sven\SvenCoop\sprites
62=D:\Downloads\Sven\SvenCoop\sound
63=D:\Downloads\Sven\SvenCoop\sound\weapons
64=D:\Downloads\Sven\SvenCoop\sound\weapons\afrikakorps
65=D:\Downloads\Sven\SvenCoop\sound\weapons\cbe
66=D:\Downloads\Sven\SvenCoop\sound\weapons\uzi
67=D:\Downloads\Sven\SvenCoop\sound\extended
68=D:\Downloads\Sven\SvenCoop\sound\fgrunt
69=D:\Downloads\Sven\SvenCoop\sound\hassault
70=D:\Downloads\Sven\SvenCoop\sound\minigun
71=D:\Downloads\Sven\SvenCoop\sound\Rampage
72=D:\Downloads\Sven\SvenCoop\sound\sandstone
73=D:\Downloads\Sven\SvenCoop\sound\svencoop2
74=D:\Downloads\Sven\SvenCoop\sound\vger
75=D:\Downloads\Sven\SvenCoop\sound\voltigore
76=D:\Downloads\Sven\SvenCoop\sound\toonrun
77=D:\Downloads\Sven\SvenCoop\sound\afrikakorps
78=D:\Downloads\Sven\SvenCoop\sound\sc_greysnake
79=D:\Downloads\Sven\SvenCoop\sound\UI
80=D:\Downloads\Sven\SvenCoop\sound\scsentences
81=D:\Downloads\Sven\SvenCoop\sound\scsentences\steam
82=D:\Downloads\Sven\SvenCoop\sound\scsentences\won
83=D:\Downloads\Sven\SvenCoop\sound\babygar
84=D:\Downloads\Sven\SvenCoop\sound\gargfoot
85=D:\Downloads\Sven\SvenCoop\sound\shocktrooper
86=D:\Downloads\Sven\SvenCoop\sound\vox
87=D:\Downloads\Sven\SvenCoop\sound\agrunt
88=D:\Downloads\Sven\SvenCoop\sound\ambience
89=D:\Downloads\Sven\SvenCoop\sound\babygarg
90=D:\Downloads\Sven\SvenCoop\sound\bmt
91=D:\Downloads\Sven\SvenCoop\sound\extension
92=D:\Downloads\Sven\SvenCoop\sound\gonome
93=D:\Downloads\Sven\SvenCoop\sound\grunts2
94=D:\Downloads\Sven\SvenCoop\sound\misc
95=D:\Downloads\Sven\SvenCoop\sound\otis
96=D:\Downloads\Sven\SvenCoop\sound\pitdrone
97=D:\Downloads\Sven\SvenCoop\sound\shockroach
98=D:\Downloads\Sven\SvenCoop\sound\speech
99=D:\Downloads\Sven\SvenCoop\sound\svencoop1
100=D:\Downloads\Sven\SvenCoop\gfx
101=D:\Downloads\Sven\SvenCoop\gfx\env
102=D:\Downloads\Sven\SvenCoop\gfx\shell
103=D:\Downloads\Sven\SvenCoop\gfx\vgui
104=D:\Downloads\Sven\SvenCoop\manual
105=D:\Downloads\Sven\SvenCoop\manual\images
106=D:\Downloads\Sven\SvenCoop\events
107=D:\Downloads\Sven\SvenCoop\media
108=D:\Downloads\Sven\SvenCoop\resource
109=D:\Downloads\Sven\SvenCoop\resource\background
110=D:\Downloads\Sven\SvenCoop\mp3
111=C:\ProgramData
112=C:\ProgramData\Microsoft
113=C:\ProgramData\Microsoft\Windows
114=C:\ProgramData\Microsoft\Windows\Start Menu
115=C:\ProgramData\Microsoft\Windows\Start Menu\Programs
116=C:\ProgramData\Microsoft\Windows\Start Menu\Programs\Sven Co-op
117=C:\ProgramData\Microsoft\Windows\Start Menu\Programs\Sven Co-op\Options
[Files]
count=1619
0=D:\Downloads\Sven\SvenCoop\cl_dlls\client.dll
1=D:\Downloads\Sven\SvenCoop\dlls\hl.dll
2=D:\Downloads\Sven\SvenCoop\maps\extension.cfg
3=D:\Downloads\Sven\SvenCoop\maps\ripent.exe
4=D:\Downloads\Sven\SvenCoop\maps\Afrika Korps Info.txt
5=D:\Downloads\Sven\SvenCoop\maps\assaultmesa2-2.cfg
6=D:\Downloads\Sven\SvenCoop\maps\assaultmesa2.cfg
7=D:\Downloads\Sven\SvenCoop\maps\blackops.cfg
8=D:\Downloads\Sven\SvenCoop\maps\c0a0e.cfg
9=D:\Downloads\Sven\SvenCoop\maps\c1a0.cfg
10=D:\Downloads\Sven\SvenCoop\maps\c1a0a.cfg
11=D:\Downloads\Sven\SvenCoop\maps\c1a0b.cfg
12=D:\Downloads\Sven\SvenCoop\maps\c1a0c.cfg
13=D:\Downloads\Sven\SvenCoop\maps\c1a0d.cfg
14=D:\Downloads\Sven\SvenCoop\maps\c1a0e.cfg
15=D:\Downloads\Sven\SvenCoop\maps\c1a1.cfg
16=D:\Downloads\Sven\SvenCoop\maps\c1a1a.cfg
17=D:\Downloads\Sven\SvenCoop\maps\c1a1b.cfg
18=D:\Downloads\Sven\SvenCoop\maps\c1a1c.cfg
19=D:\Downloads\Sven\SvenCoop\maps\c1a1d.cfg
20=D:\Downloads\Sven\SvenCoop\maps\c1a1f.cfg
21=D:\Downloads\Sven\SvenCoop\maps\c1a2.cfg
22=D:\Downloads\Sven\SvenCoop\maps\c1a2a.cfg
23=D:\Downloads\Sven\SvenCoop\maps\c1a2b.cfg
24=D:\Downloads\Sven\SvenCoop\maps\c1a2c.cfg
25=D:\Downloads\Sven\SvenCoop\maps\c1a2d.cfg
26=D:\Downloads\Sven\SvenCoop\maps\c1a2e.cfg
27=D:\Downloads\Sven\SvenCoop\maps\c1a3.cfg
28=D:\Downloads\Sven\SvenCoop\maps\c1a3a.cfg
29=D:\Downloads\Sven\SvenCoop\maps\c1a3b.cfg
30=D:\Downloads\Sven\SvenCoop\maps\c1a3c.cfg
31=D:\Downloads\Sven\SvenCoop\maps\c1a3d.cfg
32=D:\Downloads\Sven\SvenCoop\maps\c1a3e.cfg
33=D:\Downloads\Sven\SvenCoop\maps\c1a4.cfg
34=D:\Downloads\Sven\SvenCoop\maps\c1a4b.cfg
35=D:\Downloads\Sven\SvenCoop\maps\c1a4d.cfg
36=D:\Downloads\Sven\SvenCoop\maps\c1a4e.cfg
37=D:\Downloads\Sven\SvenCoop\maps\c1a4f.cfg
38=D:\Downloads\Sven\SvenCoop\maps\c1a4g.cfg
39=D:\Downloads\Sven\SvenCoop\maps\c1a4i.cfg
40=D:\Downloads\Sven\SvenCoop\maps\c1a4j.cfg
41=D:\Downloads\Sven\SvenCoop\maps\c1a4k.cfg
42=D:\Downloads\Sven\SvenCoop\maps\c1a4z.cfg
43=D:\Downloads\Sven\SvenCoop\maps\c2a1.cfg
44=D:\Downloads\Sven\SvenCoop\maps\c2a1a.cfg
45=D:\Downloads\Sven\SvenCoop\maps\c2a1b.cfg
46=D:\Downloads\Sven\SvenCoop\maps\c2a2.cfg
47=D:\Downloads\Sven\SvenCoop\maps\c2a2a.cfg
48=D:\Downloads\Sven\SvenCoop\maps\c2a2b1.cfg
49=D:\Downloads\Sven\SvenCoop\maps\c2a2b2.cfg
50=D:\Downloads\Sven\SvenCoop\maps\c2a2c.cfg
51=D:\Downloads\Sven\SvenCoop\maps\c2a2d.cfg
52=D:\Downloads\Sven\SvenCoop\maps\c2a2e.cfg
53=D:\Downloads\Sven\SvenCoop\maps\c2a2f.cfg
54=D:\Downloads\Sven\SvenCoop\maps\c2a2g.cfg
55=D:\Downloads\Sven\SvenCoop\maps\c2a2h.cfg
56=D:\Downloads\Sven\SvenCoop\maps\c2a3.cfg
57=D:\Downloads\Sven\SvenCoop\maps\c2a3a.cfg
58=D:\Downloads\Sven\SvenCoop\maps\c2a3b.cfg
59=D:\Downloads\Sven\SvenCoop\maps\c2a3c.cfg
60=D:\Downloads\Sven\SvenCoop\maps\c2a3d.cfg
61=D:\Downloads\Sven\SvenCoop\maps\c2a4.cfg
62=D:\Downloads\Sven\SvenCoop\maps\c2a4a.cfg
63=D:\Downloads\Sven\SvenCoop\maps\c2a4b.cfg
64=D:\Downloads\Sven\SvenCoop\maps\c2a4c.cfg
65=D:\Downloads\Sven\SvenCoop\maps\c2a4d.cfg
66=D:\Downloads\Sven\SvenCoop\maps\c2a4e.cfg
67=D:\Downloads\Sven\SvenCoop\maps\c2a4f.cfg
68=D:\Downloads\Sven\SvenCoop\maps\c2a4g.cfg
69=D:\Downloads\Sven\SvenCoop\maps\c2a4h.cfg
70=D:\Downloads\Sven\SvenCoop\maps\c2a5.cfg
71=D:\Downloads\Sven\SvenCoop\maps\c2a5a.cfg
72=D:\Downloads\Sven\SvenCoop\maps\c2a5b.cfg
73=D:\Downloads\Sven\SvenCoop\maps\c2a5c.cfg
74=D:\Downloads\Sven\SvenCoop\maps\c2a5d.cfg
75=D:\Downloads\Sven\SvenCoop\maps\c2a5e.cfg
76=D:\Downloads\Sven\SvenCoop\maps\c2a5f.cfg
77=D:\Downloads\Sven\SvenCoop\maps\c2a5g.cfg
78=D:\Downloads\Sven\SvenCoop\maps\c2a5w.cfg
79=D:\Downloads\Sven\SvenCoop\maps\c2a5x.cfg
80=D:\Downloads\Sven\SvenCoop\maps\c3a1.cfg
81=D:\Downloads\Sven\SvenCoop\maps\c3a1a.cfg
82=D:\Downloads\Sven\SvenCoop\maps\c3a1b.cfg
83=D:\Downloads\Sven\SvenCoop\maps\c3a2.cfg
84=D:\Downloads\Sven\SvenCoop\maps\c3a2a.cfg
85=D:\Downloads\Sven\SvenCoop\maps\c3a2b.cfg
86=D:\Downloads\Sven\SvenCoop\maps\c3a2c.cfg
87=D:\Downloads\Sven\SvenCoop\maps\c3a2d.cfg
88=D:\Downloads\Sven\SvenCoop\maps\c3a2e.cfg
89=D:\Downloads\Sven\SvenCoop\maps\c3a2f.cfg
90=D:\Downloads\Sven\SvenCoop\maps\c4a1.cfg
91=D:\Downloads\Sven\SvenCoop\maps\c4a1a.cfg
92=D:\Downloads\Sven\SvenCoop\maps\c4a1b.cfg
93=D:\Downloads\Sven\SvenCoop\maps\c4a1c.cfg
94=D:\Downloads\Sven\SvenCoop\maps\c4a1d.cfg
95=D:\Downloads\Sven\SvenCoop\maps\c4a1e.cfg
96=D:\Downloads\Sven\SvenCoop\maps\c4a1f.cfg
97=D:\Downloads\Sven\SvenCoop\maps\c4a2.cfg
98=D:\Downloads\Sven\SvenCoop\maps\c4a2a.cfg
99=D:\Downloads\Sven\SvenCoop\maps\c4a2b.cfg
100=D:\Downloads\Sven\SvenCoop\maps\c4a3.cfg
101=D:\Downloads\Sven\SvenCoop\maps\extended.bsp
102=D:\Downloads\Sven\SvenCoop\maps\extended.cfg
103=D:\Downloads\Sven\SvenCoop\maps\extended_readme.txt
104=D:\Downloads\Sven\SvenCoop\maps\gargfoot.cfg
105=D:\Downloads\Sven\SvenCoop\maps\infiltrate.cfg
106=D:\Downloads\Sven\SvenCoop\maps\infiltrate.ent
107=D:\Downloads\Sven\SvenCoop\maps\extended_motd.txt
108=D:\Downloads\Sven\SvenCoop\maps\nightmare-c2.cfg
109=D:\Downloads\Sven\SvenCoop\maps\rampage.bsp
110=D:\Downloads\Sven\SvenCoop\maps\rampage.cfg
111=D:\Downloads\Sven\SvenCoop\maps\rampage_motd.txt
112=D:\Downloads\Sven\SvenCoop\maps\sandstone.bsp
113=D:\Downloads\Sven\SvenCoop\maps\sandstone.cfg
114=D:\Downloads\Sven\SvenCoop\maps\sandstone.txt
115=D:\Downloads\Sven\SvenCoop\maps\sandstone_motd.txt
116=D:\Downloads\Sven\SvenCoop\maps\sandstone_skl.cfg
117=D:\Downloads\Sven\SvenCoop\maps\svencoop1.bsp
118=D:\Downloads\Sven\SvenCoop\maps\svencoop2.bsp
119=D:\Downloads\Sven\SvenCoop\maps\svencoop2.cfg
120=D:\Downloads\Sven\SvenCoop\maps\svencoop2_skl.cfg
121=D:\Downloads\Sven\SvenCoop\maps\vger.bsp
122=D:\Downloads\Sven\SvenCoop\maps\vger.cfg
123=D:\Downloads\Sven\SvenCoop\maps\vger_motd.txt
124=D:\Downloads\Sven\SvenCoop\maps\vger_readme.txt
125=D:\Downloads\Sven\SvenCoop\maps\vger_skl.cfg
126=D:\Downloads\Sven\SvenCoop\maps\zero.bsp
127=D:\Downloads\Sven\SvenCoop\maps\zero.cfg
128=D:\Downloads\Sven\SvenCoop\maps\zero_motd.txt
129=D:\Downloads\Sven\SvenCoop\maps\zero_Readme.txt
130=D:\Downloads\Sven\SvenCoop\maps\zero_skl.cfg
131=D:\Downloads\Sven\SvenCoop\maps\zero_storyline.txt
132=D:\Downloads\Sven\SvenCoop\maps\afrikakorps1.bsp
133=D:\Downloads\Sven\SvenCoop\maps\afrikakorps1.cfg
134=D:\Downloads\Sven\SvenCoop\maps\afrikakorps1_motd.txt
135=D:\Downloads\Sven\SvenCoop\maps\afrikakorps1_skl.cfg
136=D:\Downloads\Sven\SvenCoop\maps\afrikakorps2.bsp
137=D:\Downloads\Sven\SvenCoop\maps\afrikakorps2.cfg
138=D:\Downloads\Sven\SvenCoop\maps\afrikakorps2_motd.txt
139=D:\Downloads\Sven\SvenCoop\maps\afrikakorps2_skl.cfg
140=D:\Downloads\Sven\SvenCoop\maps\auspices.bsp
141=D:\Downloads\Sven\SvenCoop\maps\auspices.cfg
142=D:\Downloads\Sven\SvenCoop\maps\auspices_motd.txt
143=D:\Downloads\Sven\SvenCoop\maps\auspices_readme.txt
144=D:\Downloads\Sven\SvenCoop\maps\auspices_skl.cfg
145=D:\Downloads\Sven\SvenCoop\maps\stadium3.cfg
146=D:\Downloads\Sven\SvenCoop\maps\graphs\afrikakorps1.nod
147=D:\Downloads\Sven\SvenCoop\maps\graphs\afrikakorps2.nod
148=D:\Downloads\Sven\SvenCoop\maps\graphs\afrikakorps3.nod
149=D:\Downloads\Sven\SvenCoop\maps\graphs\auspices.nod
150=D:\Downloads\Sven\SvenCoop\maps\graphs\crisis2.nod
151=D:\Downloads\Sven\SvenCoop\maps\graphs\extended.nod
152=D:\Downloads\Sven\SvenCoop\maps\graphs\extension.nod
153=D:\Downloads\Sven\SvenCoop\maps\graphs\gargfoot.nod
154=D:\Downloads\Sven\SvenCoop\maps\graphs\grunts2.nod
155=D:\Downloads\Sven\SvenCoop\maps\graphs\hl_sp_portal.nod
156=D:\Downloads\Sven\SvenCoop\maps\graphs\hostage.nod
157=D:\Downloads\Sven\SvenCoop\maps\graphs\hostage2a.nod
158=D:\Downloads\Sven\SvenCoop\maps\graphs\hostage2b.nod
159=D:\Downloads\Sven\SvenCoop\maps\graphs\hplanet.nod
160=D:\Downloads\Sven\SvenCoop\maps\graphs\incoming.nod
161=D:\Downloads\Sven\SvenCoop\maps\graphs\osprey.nod
162=D:\Downloads\Sven\SvenCoop\maps\graphs\rampage.nod
163=D:\Downloads\Sven\SvenCoop\maps\graphs\sandstone.nod
164=D:\Downloads\Sven\SvenCoop\maps\graphs\sc_another.nod
165=D:\Downloads\Sven\SvenCoop\maps\graphs\sc_greysnake1.nod
166=D:\Downloads\Sven\SvenCoop\maps\graphs\stadium3.nod
167=D:\Downloads\Sven\SvenCoop\maps\graphs\svencoop1.nod
168=D:\Downloads\Sven\SvenCoop\maps\graphs\svencoop2.nod
169=D:\Downloads\Sven\SvenCoop\maps\graphs\toonrun1.nod
170=D:\Downloads\Sven\SvenCoop\maps\graphs\toonrun2.nod
171=D:\Downloads\Sven\SvenCoop\maps\graphs\toonrun3.nod
172=D:\Downloads\Sven\SvenCoop\maps\graphs\vger.nod
173=D:\Downloads\Sven\SvenCoop\maps\graphs\wired.nod
174=D:\Downloads\Sven\SvenCoop\maps\graphs\zero.nod
175=D:\Downloads\Sven\SvenCoop\maps\toonrun.txt
176=D:\Downloads\Sven\SvenCoop\maps\toonrun1.bsp
177=D:\Downloads\Sven\SvenCoop\maps\toonrun1.cfg
178=D:\Downloads\Sven\SvenCoop\maps\toonrun1_motd.txt
179=D:\Downloads\Sven\SvenCoop\maps\toonrun2.bsp
180=D:\Downloads\Sven\SvenCoop\maps\toonrun2.cfg
181=D:\Downloads\Sven\SvenCoop\maps\toonrun2_motd.txt
182=D:\Downloads\Sven\SvenCoop\maps\afrikakorps3.bsp
183=D:\Downloads\Sven\SvenCoop\maps\afrikakorps3.cfg
184=D:\Downloads\Sven\SvenCoop\maps\afrikakorps3_motd.txt
185=D:\Downloads\Sven\SvenCoop\maps\afrikakorps3_skl.cfg
186=D:\Downloads\Sven\SvenCoop\maps\sc_greysnake1.bsp
187=D:\Downloads\Sven\SvenCoop\maps\sc_greysnake1.cfg
188=D:\Downloads\Sven\SvenCoop\maps\sc_greysnake1_skl.cfg
189=D:\Downloads\Sven\SvenCoop\maps\toonrun3.bsp
190=D:\Downloads\Sven\SvenCoop\maps\toonrun3.cfg
191=D:\Downloads\Sven\SvenCoop\maps\toonrun3_motd.txt
192=D:\Downloads\Sven\SvenCoop\maps\c5a1.cfg
193=D:\Downloads\Sven\SvenCoop\maps\sc_another.bsp
194=D:\Downloads\Sven\SvenCoop\maps\sc_another.cfg
195=D:\Downloads\Sven\SvenCoop\maps\sc_another_skl.cfg
196=D:\Downloads\Sven\SvenCoop\maps\sc_greysnake1_motd.txt
197=D:\Downloads\Sven\SvenCoop\maps\steam\stadium3.bsp
198=D:\Downloads\Sven\SvenCoop\maps\won\stadium3.bsp
199=D:\Downloads\Sven\SvenCoop\maps\c1a2e.bsp
200=D:\Downloads\Sven\SvenCoop\maps\c1a3e.bsp
201=D:\Downloads\Sven\SvenCoop\maps\c1a4z.bsp
202=D:\Downloads\Sven\SvenCoop\maps\c2a4h.bsp
203=D:\Downloads\Sven\SvenCoop\maps\hl_sp_portal_motd.txt
204=D:\Downloads\Sven\SvenCoop\maps\extension.bsp
205=D:\Downloads\Sven\SvenCoop\maps\osprey.bsp
206=D:\Downloads\Sven\SvenCoop\maps\osprey.cfg
207=D:\Downloads\Sven\SvenCoop\maps\crisis2.bsp
208=D:\Downloads\Sven\SvenCoop\maps\crisis2.cfg
209=D:\Downloads\Sven\SvenCoop\maps\extension_motd.txt
210=D:\Downloads\Sven\SvenCoop\maps\extension_readme.txt
211=D:\Downloads\Sven\SvenCoop\maps\gargfoot.bsp
212=D:\Downloads\Sven\SvenCoop\maps\Grunts2 Readme.txt
213=D:\Downloads\Sven\SvenCoop\maps\grunts2.bsp
214=D:\Downloads\Sven\SvenCoop\maps\grunts2.cfg
215=D:\Downloads\Sven\SvenCoop\maps\grunts2_motd.txt
216=D:\Downloads\Sven\SvenCoop\maps\hl_sp_portal.bsp
217=D:\Downloads\Sven\SvenCoop\maps\hl_sp_portal.cfg
218=D:\Downloads\Sven\SvenCoop\maps\hostage.bsp
219=D:\Downloads\Sven\SvenCoop\maps\hostage.cfg
220=D:\Downloads\Sven\SvenCoop\maps\Hostage.txt
221=D:\Downloads\Sven\SvenCoop\maps\hostage2a.bsp
222=D:\Downloads\Sven\SvenCoop\maps\hostage2a.cfg
223=D:\Downloads\Sven\SvenCoop\maps\hostage2a.txt
224=D:\Downloads\Sven\SvenCoop\maps\hostage2a_motd.txt
225=D:\Downloads\Sven\SvenCoop\maps\hostage2b.bsp
226=D:\Downloads\Sven\SvenCoop\maps\hostage2b.cfg
227=D:\Downloads\Sven\SvenCoop\maps\hostage2b_motd.txt
228=D:\Downloads\Sven\SvenCoop\maps\hplanet.bsp
229=D:\Downloads\Sven\SvenCoop\maps\hplanet.cfg
230=D:\Downloads\Sven\SvenCoop\maps\hplanet.txt
231=D:\Downloads\Sven\SvenCoop\maps\incoming.bsp
232=D:\Downloads\Sven\SvenCoop\maps\incoming.cfg
233=D:\Downloads\Sven\SvenCoop\maps\incoming.txt
234=D:\Downloads\Sven\SvenCoop\maps\incoming_motd.txt
235=D:\Downloads\Sven\SvenCoop\maps\incoming_skl.cfg
236=D:\Downloads\Sven\SvenCoop\maps\osprey_motd.txt
237=D:\Downloads\Sven\SvenCoop\maps\shattered.bsp
238=D:\Downloads\Sven\SvenCoop\maps\shattered.cfg
239=D:\Downloads\Sven\SvenCoop\maps\shattered_motd.txt
240=D:\Downloads\Sven\SvenCoop\maps\svencoop1.cfg
241=D:\Downloads\Sven\SvenCoop\maps\svencoop1.txt
242=D:\Downloads\Sven\SvenCoop\maps\svencoop1_motd.txt
243=D:\Downloads\Sven\SvenCoop\maps\svencoop2.txt
244=D:\Downloads\Sven\SvenCoop\maps\svencoop2_motd.txt
245=D:\Downloads\Sven\SvenCoop\maps\wired.bsp
246=D:\Downloads\Sven\SvenCoop\maps\wired.cfg
247=D:\Downloads\Sven\SvenCoop\maps\wired.txt
248=D:\Downloads\Sven\SvenCoop\maps\wired_motd.txt
249=D:\Downloads\Sven\SvenCoop\models\afrikakorps\enemy\hgrunt.mdl
250=D:\Downloads\Sven\SvenCoop\models\afrikakorps\enemy\massn.mdl
251=D:\Downloads\Sven\SvenCoop\models\afrikakorps\misc\hk_neuvillecar.mdl
252=D:\Downloads\Sven\SvenCoop\models\afrikakorps\misc\hk_panzer4j_greyfull.mdl
253=D:\Downloads\Sven\SvenCoop\models\afrikakorps\misc\hk_sandbags.mdl
254=D:\Downloads\Sven\SvenCoop\models\afrikakorps\misc\palm1A.mdl
255=D:\Downloads\Sven\SvenCoop\models\afrikakorps\misc\palm1B.mdl
256=D:\Downloads\Sven\SvenCoop\models\afrikakorps\misc\palm2.mdl
257=D:\Downloads\Sven\SvenCoop\models\afrikakorps\misc\gascan.mdl
258=D:\Downloads\Sven\SvenCoop\models\afrikakorps\misc\hk_sherman_damaged2.mdl
259=D:\Downloads\Sven\SvenCoop\models\afrikakorps\misc\oiltank.mdl
260=D:\Downloads\Sven\SvenCoop\models\afrikakorps\misc\hk_p4j_yellowhull.mdl
261=D:\Downloads\Sven\SvenCoop\models\afrikakorps\weapons\p_m40a1.mdl
262=D:\Downloads\Sven\SvenCoop\models\afrikakorps\weapons\v_m40a1.mdl
263=D:\Downloads\Sven\SvenCoop\models\afrikakorps\weapons\w_m40a1.mdl
264=D:\Downloads\Sven\SvenCoop\models\afrikakorps\weapons\p_357.mdl
265=D:\Downloads\Sven\SvenCoop\models\afrikakorps\weapons\p_9mmhandgun.mdl
266=D:\Downloads\Sven\SvenCoop\models\afrikakorps\weapons\p_amerk.mdl
267=D:\Downloads\Sven\SvenCoop\models\afrikakorps\weapons\p_grenade.mdl
268=D:\Downloads\Sven\SvenCoop\models\afrikakorps\weapons\P_rpg.mdl
269=D:\Downloads\Sven\SvenCoop\models\afrikakorps\weapons\p_tommy.mdl
270=D:\Downloads\Sven\SvenCoop\models\afrikakorps\weapons\v_357.mdl
271=D:\Downloads\Sven\SvenCoop\models\afrikakorps\weapons\v_9mmhandgun.mdl
272=D:\Downloads\Sven\SvenCoop\models\afrikakorps\weapons\v_amerk.mdl
273=D:\Downloads\Sven\SvenCoop\models\afrikakorps\weapons\v_grenade.mdl
274=D:\Downloads\Sven\SvenCoop\models\afrikakorps\weapons\v_rpg.mdl
275=D:\Downloads\Sven\SvenCoop\models\afrikakorps\weapons\v_tommy.mdl
276=D:\Downloads\Sven\SvenCoop\models\afrikakorps\weapons\w_357.mdl
277=D:\Downloads\Sven\SvenCoop\models\afrikakorps\weapons\w_9mmhandgun.mdl
278=D:\Downloads\Sven\SvenCoop\models\afrikakorps\weapons\w_amerk.mdl
279=D:\Downloads\Sven\SvenCoop\models\afrikakorps\weapons\w_grenade.mdl
280=D:\Downloads\Sven\SvenCoop\models\afrikakorps\weapons\w_rpg.mdl
281=D:\Downloads\Sven\SvenCoop\models\afrikakorps\weapons\w_tommy.mdl
282=D:\Downloads\Sven\SvenCoop\models\baby_voltigore.mdl
283=D:\Downloads\Sven\SvenCoop\models\blkop_apache.mdl
284=D:\Downloads\Sven\SvenCoop\models\blkop_apachet.mdl
285=D:\Downloads\Sven\SvenCoop\models\blkop_bodygibs.mdl
286=D:\Downloads\Sven\SvenCoop\models\blkop_dead_osprey.mdl
287=D:\Downloads\Sven\SvenCoop\models\blkop_enginegibs.mdl
288=D:\Downloads\Sven\SvenCoop\models\blkop_osprey.mdl
289=D:\Downloads\Sven\SvenCoop\models\blkop_ospreyt.mdl
290=D:\Downloads\Sven\SvenCoop\models\blkop_tailgibs.mdl
291=D:\Downloads\Sven\SvenCoop\models\hwgrunt.mdl
292=D:\Downloads\Sven\SvenCoop\models\player\otis\otis.mdl
293=D:\Downloads\Sven\SvenCoop\models\player\otis\otis.bmp
294=D:\Downloads\Sven\SvenCoop\models\player\helmet\helmet.bmp
295=D:\Downloads\Sven\SvenCoop\models\player\helmet\helmet.mdl
296=D:\Downloads\Sven\SvenCoop\models\player\aswat\aswat.bmp
297=D:\Downloads\Sven\SvenCoop\models\player\aswat\aswat.mdl
298=D:\Downloads\Sven\SvenCoop\models\player\aswat\aswat.txt
299=D:\Downloads\Sven\SvenCoop\models\player\barney\barney.bmp
300=D:\Downloads\Sven\SvenCoop\models\player\barney\barney.mdl
301=D:\Downloads\Sven\SvenCoop\models\player\cannibal\cannibal.bmp
302=D:\Downloads\Sven\SvenCoop\models\player\cannibal\cannibal.mdl
303=D:\Downloads\Sven\SvenCoop\models\player\cl_suit\cl_suit.bmp
304=D:\Downloads\Sven\SvenCoop\models\player\cl_suit\cl_suit.mdl
305=D:\Downloads\Sven\SvenCoop\models\player\etac\etac.bmp
306=D:\Downloads\Sven\SvenCoop\models\player\etac\etac.mdl
307=D:\Downloads\Sven\SvenCoop\models\player\etac\ETac.txt
308=D:\Downloads\Sven\SvenCoop\models\player\fassn\fassn.bmp
309=D:\Downloads\Sven\SvenCoop\models\player\fassn\fassn.mdl
310=D:\Downloads\Sven\SvenCoop\models\player\gina\gina.bmp
311=D:\Downloads\Sven\SvenCoop\models\player\gina\gina.mdl
312=D:\Downloads\Sven\SvenCoop\models\player\gman\gman.BMP
313=D:\Downloads\Sven\SvenCoop\models\player\gman\gman.mdl
314=D:\Downloads\Sven\SvenCoop\models\player\gordon\gordon.bmp
315=D:\Downloads\Sven\SvenCoop\models\player\gordon\gordon.mdl
316=D:\Downloads\Sven\SvenCoop\models\player\grunt\grunt.bmp
317=D:\Downloads\Sven\SvenCoop\models\player\grunt\grunt.mdl
318=D:\Downloads\Sven\SvenCoop\models\player\mandalorian\mandalorian.bmp
319=D:\Downloads\Sven\SvenCoop\models\player\mandalorian\mandalorian.mdl
320=D:\Downloads\Sven\SvenCoop\models\player\mandalorian\readme.txt
321=D:\Downloads\Sven\SvenCoop\models\player\massn\massn.bmp
322=D:\Downloads\Sven\SvenCoop\models\player\massn\massn.mdl
323=D:\Downloads\Sven\SvenCoop\models\player\obi09\obi09.bmp
324=D:\Downloads\Sven\SvenCoop\models\player\obi09\obi09.mdl
325=D:\Downloads\Sven\SvenCoop\models\player\obi09\obi09.txt
326=D:\Downloads\Sven\SvenCoop\models\player\punisher\punisher.bmp
327=D:\Downloads\Sven\SvenCoop\models\player\punisher\punisher.mdl
328=D:\Downloads\Sven\SvenCoop\models\player\punisher\Punisher.txt
329=D:\Downloads\Sven\SvenCoop\models\player\recon\recon.bmp
330=D:\Downloads\Sven\SvenCoop\models\player\recon\recon.mdl
331=D:\Downloads\Sven\SvenCoop\models\player\robo\robo.bmp
332=D:\Downloads\Sven\SvenCoop\models\player\robo\robo.mdl
333=D:\Downloads\Sven\SvenCoop\models\player\scientist\scientist.bmp
334=D:\Downloads\Sven\SvenCoop\models\player\scientist\scientist.mdl
335=D:\Downloads\Sven\SvenCoop\models\player\tower\tower.bmp
336=D:\Downloads\Sven\SvenCoop\models\player\tower\tower.mdl
337=D:\Downloads\Sven\SvenCoop\models\player\trinityrage\trinityrage.bmp
338=D:\Downloads\Sven\SvenCoop\models\player\trinityrage\trinityrage.mdl
339=D:\Downloads\Sven\SvenCoop\models\player\trinityrage\TRINITYrage.txt
340=D:\Downloads\Sven\SvenCoop\models\player\unm_barney\readme.txt
341=D:\Downloads\Sven\SvenCoop\models\player\unm_barney\unm_barney.bmp
342=D:\Downloads\Sven\SvenCoop\models\player\unm_barney\unm_barney.mdl
343=D:\Downloads\Sven\SvenCoop\models\player\uscm\uscm.bmp
344=D:\Downloads\Sven\SvenCoop\models\player\uscm\uscm.mdl
345=D:\Downloads\Sven\SvenCoop\models\player\uscm\USCM.txt
346=D:\Downloads\Sven\SvenCoop\models\player\zombie\zombie.bmp
347=D:\Downloads\Sven\SvenCoop\models\player\zombie\zombie.mdl
348=D:\Downloads\Sven\SvenCoop\models\p_bgrap.mdl
349=D:\Downloads\Sven\SvenCoop\models\p_m40a1.mdl
350=D:\Downloads\Sven\SvenCoop\models\p_minigunidle.mdl
351=D:\Downloads\Sven\SvenCoop\models\p_minigunspin.mdl
352=D:\Downloads\Sven\SvenCoop\models\sandbags.mdl
353=D:\Downloads\Sven\SvenCoop\models\sandstone\hwgrunte.mdl
354=D:\Downloads\Sven\SvenCoop\models\sandstone\ofhgrunte.mdl
355=D:\Downloads\Sven\SvenCoop\models\sandstone\ofhgruntf.mdl
356=D:\Downloads\Sven\SvenCoop\models\sandstone\ofmedicf.mdl
357=D:\Downloads\Sven\SvenCoop\models\sandstone\engineer.mdl
358=D:\Downloads\Sven\SvenCoop\models\saw_shell.mdl
359=D:\Downloads\Sven\SvenCoop\models\sp\gonome2.mdl
360=D:\Downloads\Sven\SvenCoop\models\sp\green_headc.mdl
361=D:\Downloads\Sven\SvenCoop\models\sp\green_headcT.mdl
362=D:\Downloads\Sven\SvenCoop\models\spore.mdl
363=D:\Downloads\Sven\SvenCoop\models\vger\demonotis.mdl
364=D:\Downloads\Sven\SvenCoop\models\vger\demonotis01.mdl
365=D:\Downloads\Sven\SvenCoop\models\vger\demonotis02.mdl
366=D:\Downloads\Sven\SvenCoop\models\vger\demonotis03.mdl
367=D:\Downloads\Sven\SvenCoop\models\vger\gvrobo.mdl
368=D:\Downloads\Sven\SvenCoop\models\vger\gvroboT.mdl
369=D:\Downloads\Sven\SvenCoop\models\vger\pvrobo.mdl
370=D:\Downloads\Sven\SvenCoop\models\vger\pvroboT.mdl
371=D:\Downloads\Sven\SvenCoop\models\vger\p_357.mdl
372=D:\Downloads\Sven\SvenCoop\models\vger\rvrobo.mdl
373=D:\Downloads\Sven\SvenCoop\models\vger\rvroboT.mdl
374=D:\Downloads\Sven\SvenCoop\models\vger\vgergrunt.mdl
375=D:\Downloads\Sven\SvenCoop\models\vger\vgergruntT.mdl
376=D:\Downloads\Sven\SvenCoop\models\vger\v_357.mdl
377=D:\Downloads\Sven\SvenCoop\models\vger\w_357.mdl
378=D:\Downloads\Sven\SvenCoop\models\vgibs.mdl
379=D:\Downloads\Sven\SvenCoop\models\voltigore.mdl
380=D:\Downloads\Sven\SvenCoop\models\v_bgrap.mdl
381=D:\Downloads\Sven\SvenCoop\models\v_bgrap_tonguetip.mdl
382=D:\Downloads\Sven\SvenCoop\models\v_m40a1.mdl
383=D:\Downloads\Sven\SvenCoop\models\v_minigun.mdl
384=D:\Downloads\Sven\SvenCoop\models\w_bgrap.mdl
385=D:\Downloads\Sven\SvenCoop\models\w_m40a1.mdl
386=D:\Downloads\Sven\SvenCoop\models\w_m40a1clip.mdl
387=D:\Downloads\Sven\SvenCoop\models\w_minigun.mdl
388=D:\Downloads\Sven\SvenCoop\models\w_saw_clip.mdl
389=D:\Downloads\Sven\SvenCoop\models\w_2uzis.mdl
390=D:\Downloads\Sven\SvenCoop\models\w_2uzis_gold.mdl
391=D:\Downloads\Sven\SvenCoop\models\w_uzi.mdl
392=D:\Downloads\Sven\SvenCoop\models\w_uzi_gold.mdl
393=D:\Downloads\Sven\SvenCoop\models\hwgruntf.mdl
394=D:\Downloads\Sven\SvenCoop\models\auspices\p_9mmar.mdl
395=D:\Downloads\Sven\SvenCoop\models\auspices\v_9mmar.mdl
396=D:\Downloads\Sven\SvenCoop\models\auspices\v_shotgun.mdl
397=D:\Downloads\Sven\SvenCoop\models\auspices\w_9mmar.mdl
398=D:\Downloads\Sven\SvenCoop\models\auspices\w_9mmarclip.mdl
399=D:\Downloads\Sven\SvenCoop\models\player.mdl
400=D:\Downloads\Sven\SvenCoop\models\toonrun\chubbina.mdl
401=D:\Downloads\Sven\SvenCoop\models\toonrun\hgrunt.mdl
402=D:\Downloads\Sven\SvenCoop\models\toonrun\spleen.mdl
403=D:\Downloads\Sven\SvenCoop\models\greysnake\snow turret.mdl
404=D:\Downloads\Sven\SvenCoop\models\greysnake\snow turretT.mdl
405=D:\Downloads\Sven\SvenCoop\models\greysnake\eskiemo.mdl
406=D:\Downloads\Sven\SvenCoop\models\greysnake\eskiemo01.mdl
407=D:\Downloads\Sven\SvenCoop\models\greysnake\eskiemo02.mdl
408=D:\Downloads\Sven\SvenCoop\models\greysnake\eskiemo03.mdl
409=D:\Downloads\Sven\SvenCoop\models\greysnake\eskiemo04.mdl
410=D:\Downloads\Sven\SvenCoop\models\greysnake\eskiemo05.mdl
411=D:\Downloads\Sven\SvenCoop\models\greysnake\eskiemo06.mdl
412=D:\Downloads\Sven\SvenCoop\models\greysnake\eskiemo07.mdl
413=D:\Downloads\Sven\SvenCoop\models\greysnake\hgrunt_medic.mdl
414=D:\Downloads\Sven\SvenCoop\models\greysnake\hgrunt_opfor.mdl
415=D:\Downloads\Sven\SvenCoop\models\greysnake\massn.mdl
416=D:\Downloads\Sven\SvenCoop\models\greysnake\voltorsnow.mdl
417=D:\Downloads\Sven\SvenCoop\models\v_uzi.mdl
418=D:\Downloads\Sven\SvenCoop\models\w_grenade.mdl
419=D:\Downloads\Sven\SvenCoop\models\w_grenadeT.mdl
420=D:\Downloads\Sven\SvenCoop\models\p_shotgun.mdl
421=D:\Downloads\Sven\SvenCoop\models\p_2uzis.mdl
422=D:\Downloads\Sven\SvenCoop\models\p_2uzis_gold.mdl
423=D:\Downloads\Sven\SvenCoop\models\p_uzi.mdl
424=D:\Downloads\Sven\SvenCoop\models\p_uzi_gold.mdl
425=D:\Downloads\Sven\SvenCoop\models\roach.mdl
426=D:\Downloads\Sven\SvenCoop\models\w_pmedkit.mdl
427=D:\Downloads\Sven\SvenCoop\models\cleansuit_scientist.mdl
428=D:\Downloads\Sven\SvenCoop\models\highdef_otis.mdl
429=D:\Downloads\Sven\SvenCoop\models\cleansuit_scientist01.mdl
430=D:\Downloads\Sven\SvenCoop\models\cleansuit_scientist02.mdl
431=D:\Downloads\Sven\SvenCoop\models\cleansuit_scientist03.mdl
432=D:\Downloads\Sven\SvenCoop\models\cleansuit_scientist04.mdl
433=D:\Downloads\Sven\SvenCoop\models\agruntf.mdl
434=D:\Downloads\Sven\SvenCoop\models\agruntf01.mdl
435=D:\Downloads\Sven\SvenCoop\models\agruntfT.mdl
436=D:\Downloads\Sven\SvenCoop\models\apachef.mdl
437=D:\Downloads\Sven\SvenCoop\models\apacheft.mdl
438=D:\Downloads\Sven\SvenCoop\models\assaultmesa2\biggarg.mdl
439=D:\Downloads\Sven\SvenCoop\models\assaultmesa2\biggargT.mdl
440=D:\Downloads\Sven\SvenCoop\models\babygarg.mdl
441=D:\Downloads\Sven\SvenCoop\models\babygargf.mdl
442=D:\Downloads\Sven\SvenCoop\models\babygargfT.mdl
443=D:\Downloads\Sven\SvenCoop\models\babygargT.mdl
444=D:\Downloads\Sven\SvenCoop\models\ball.mdl
445=D:\Downloads\Sven\SvenCoop\models\barnabus.mdl
446=D:\Downloads\Sven\SvenCoop\models\barnabus01.mdl
447=D:\Downloads\Sven\SvenCoop\models\barnabus02.mdl
448=D:\Downloads\Sven\SvenCoop\models\barnabus03.mdl
449=D:\Downloads\Sven\SvenCoop\models\barnabusT.mdl
450=D:\Downloads\Sven\SvenCoop\models\bmt\aqua\bullsquid.mdl
451=D:\Downloads\Sven\SvenCoop\models\bmt\aqua\bullsquid01.mdl
452=D:\Downloads\Sven\SvenCoop\models\bmt\aqua\bullsquidt.mdl
453=D:\Downloads\Sven\SvenCoop\models\bmt\barney\barney.mdl
454=D:\Downloads\Sven\SvenCoop\models\bmt\barney\barney01.mdl
455=D:\Downloads\Sven\SvenCoop\models\bmt\barney\barney02.mdl
456=D:\Downloads\Sven\SvenCoop\models\bmt\barney\barney03.mdl
457=D:\Downloads\Sven\SvenCoop\models\bmt\barney\barneyT.mdl
458=D:\Downloads\Sven\SvenCoop\models\bmt\crowbar\p_crowbar.mdl
459=D:\Downloads\Sven\SvenCoop\models\bmt\crowbar\v_crowbar.mdl
460=D:\Downloads\Sven\SvenCoop\models\bmt\crowbar\w_crowbar.mdl
461=D:\Downloads\Sven\SvenCoop\models\bmt\eagle\p_357.mdl
462=D:\Downloads\Sven\SvenCoop\models\bmt\eagle\readme.txt
463=D:\Downloads\Sven\SvenCoop\models\bmt\eagle\v_357.mdl
464=D:\Downloads\Sven\SvenCoop\models\bmt\eagle\w_357.mdl
465=D:\Downloads\Sven\SvenCoop\models\bmt\eagle\w_357ammobox.mdl
466=D:\Downloads\Sven\SvenCoop\models\bmt\icky\icky.mdl
467=D:\Downloads\Sven\SvenCoop\models\bmt\icky\ickyT.mdl
468=D:\Downloads\Sven\SvenCoop\models\bmt\sci\scientist.mdl
469=D:\Downloads\Sven\SvenCoop\models\bmt\sci\scientist01.mdl
470=D:\Downloads\Sven\SvenCoop\models\bmt\sci\scientist02.mdl
471=D:\Downloads\Sven\SvenCoop\models\bmt\sci\scientist03.mdl
472=D:\Downloads\Sven\SvenCoop\models\bmt\sci\scientist04.mdl
473=D:\Downloads\Sven\SvenCoop\models\bmt\sci\scientist05.mdl
474=D:\Downloads\Sven\SvenCoop\models\bmt\sci\scientist06.mdl
475=D:\Downloads\Sven\SvenCoop\models\bmt\sci\scientist07.mdl
476=D:\Downloads\Sven\SvenCoop\models\bmt\sci\scientistT.mdl
477=D:\Downloads\Sven\SvenCoop\models\chubby.mdl
478=D:\Downloads\Sven\SvenCoop\models\cretegibs.mdl
479=D:\Downloads\Sven\SvenCoop\models\footgarg\footgargblue.mdl
480=D:\Downloads\Sven\SvenCoop\models\footgarg\footgargblueT.mdl
481=D:\Downloads\Sven\SvenCoop\models\footgarg\footgargred.mdl
482=D:\Downloads\Sven\SvenCoop\models\footgarg\footgargredT.mdl
483=D:\Downloads\Sven\SvenCoop\models\gmantowers\piranha.mdl
484=D:\Downloads\Sven\SvenCoop\models\gmantowers\svenapache.mdl
485=D:\Downloads\Sven\SvenCoop\models\hassassinf.mdl
486=D:\Downloads\Sven\SvenCoop\models\hassassinfT.mdl
487=D:\Downloads\Sven\SvenCoop\models\hgruntf.mdl
488=D:\Downloads\Sven\SvenCoop\models\hgruntf01.mdl
489=D:\Downloads\Sven\SvenCoop\models\hgruntf02.mdl
490=D:\Downloads\Sven\SvenCoop\models\hgruntf03.mdl
491=D:\Downloads\Sven\SvenCoop\models\hgruntfT.mdl
492=D:\Downloads\Sven\SvenCoop\models\infiltrate\bags.mdl
493=D:\Downloads\Sven\SvenCoop\models\infiltrate\david.mdl
494=D:\Downloads\Sven\SvenCoop\models\infiltrate\davidt.mdl
495=D:\Downloads\Sven\SvenCoop\models\islavef.mdl
496=D:\Downloads\Sven\SvenCoop\models\islavef01.mdl
497=D:\Downloads\Sven\SvenCoop\models\islavef02.mdl
498=D:\Downloads\Sven\SvenCoop\models\islavefT.mdl
499=D:\Downloads\Sven\SvenCoop\models\kingheadcrab.mdl
500=D:\Downloads\Sven\SvenCoop\models\kingheadcrabT.mdl
501=D:\Downloads\Sven\SvenCoop\models\mmm\bullgiant.mdl
502=D:\Downloads\Sven\SvenCoop\models\mmm\bullgiant01.mdl
503=D:\Downloads\Sven\SvenCoop\models\mmm\bullgiantT.mdl
504=D:\Downloads\Sven\SvenCoop\models\mmm\controllergiant.mdl
505=D:\Downloads\Sven\SvenCoop\models\mmm\controllergiantT.mdl
506=D:\Downloads\Sven\SvenCoop\models\mmm\crabgiant.mdl
507=D:\Downloads\Sven\SvenCoop\models\mmm\crabgiantT.mdl
508=D:\Downloads\Sven\SvenCoop\models\mmm\giant.mdl
509=D:\Downloads\Sven\SvenCoop\models\mmm\giant01.mdl
510=D:\Downloads\Sven\SvenCoop\models\mmm\giant02.mdl
511=D:\Downloads\Sven\SvenCoop\models\mmm\giant03.mdl
512=D:\Downloads\Sven\SvenCoop\models\mmm\giantT.mdl
513=D:\Downloads\Sven\SvenCoop\models\mmm\houndgiant.mdl
514=D:\Downloads\Sven\SvenCoop\models\mmm\houndgiantT.mdl
515=D:\Downloads\Sven\SvenCoop\models\mmm\p_ar.mdl
516=D:\Downloads\Sven\SvenCoop\models\mmm\slavegiant.mdl
517=D:\Downloads\Sven\SvenCoop\models\mmm\v_ar.mdl
518=D:\Downloads\Sven\SvenCoop\models\mmm\v_as.mdl
519=D:\Downloads\Sven\SvenCoop\models\otis.mdl
520=D:\Downloads\Sven\SvenCoop\models\otis01.mdl
521=D:\Downloads\Sven\SvenCoop\models\otis02.mdl
522=D:\Downloads\Sven\SvenCoop\models\otis03.mdl
523=D:\Downloads\Sven\SvenCoop\models\otisf.mdl
524=D:\Downloads\Sven\SvenCoop\models\otisf01.mdl
525=D:\Downloads\Sven\SvenCoop\models\otisf02.mdl
526=D:\Downloads\Sven\SvenCoop\models\otisf03.mdl
527=D:\Downloads\Sven\SvenCoop\models\pit_drone.mdl
528=D:\Downloads\Sven\SvenCoop\models\pit_drone_gibs.mdl
529=D:\Downloads\Sven\SvenCoop\models\pit_drone_spike.mdl
530=D:\Downloads\Sven\SvenCoop\models\p_medkit.mdl
531=D:\Downloads\Sven\SvenCoop\models\p_pipe_wrench.mdl
532=D:\Downloads\Sven\SvenCoop\models\rgrunt.mdl
533=D:\Downloads\Sven\SvenCoop\models\rgruntf.mdl
534=D:\Downloads\Sven\SvenCoop\models\rgruntfT.mdl
535=D:\Downloads\Sven\SvenCoop\models\rgruntt.mdl
536=D:\Downloads\Sven\SvenCoop\models\santashelper.mdl
537=D:\Downloads\Sven\SvenCoop\models\santashelperT.mdl
538=D:\Downloads\Sven\SvenCoop\models\shell.mdl
539=D:\Downloads\Sven\SvenCoop\models\shock_effect.mdl
540=D:\Downloads\Sven\SvenCoop\models\strooper.mdl
541=D:\Downloads\Sven\SvenCoop\models\strooper01.mdl
542=D:\Downloads\Sven\SvenCoop\models\strooper_gibs.mdl
543=D:\Downloads\Sven\SvenCoop\models\svencoop2\angelchubb.mdl
544=D:\Downloads\Sven\SvenCoop\models\svencoop2\sc2grunt.mdl
545=D:\Downloads\Sven\SvenCoop\models\svencoop2\sc2sci.mdl
546=D:\Downloads\Sven\SvenCoop\models\svencooprpg2\bogcreature.mdl
547=D:\Downloads\Sven\SvenCoop\models\svencooprpg2\bogcreatureT.mdl
548=D:\Downloads\Sven\SvenCoop\models\svencooprpg2\bogplant.mdl
549=D:\Downloads\Sven\SvenCoop\models\svencooprpg2\cattail.mdl
550=D:\Downloads\Sven\SvenCoop\models\svencooprpg2\dragon.mdl
551=D:\Downloads\Sven\SvenCoop\models\svencooprpg2\dragonT.mdl
552=D:\Downloads\Sven\SvenCoop\models\svencooprpg2\dwarf.mdl
553=D:\Downloads\Sven\SvenCoop\models\svencooprpg2\ghost1.mdl
554=D:\Downloads\Sven\SvenCoop\models\svencooprpg2\grylion.mdl
555=D:\Downloads\Sven\SvenCoop\models\svencooprpg2\grylionT.mdl
556=D:\Downloads\Sven\SvenCoop\models\svencooprpg2\heretic.mdl
557=D:\Downloads\Sven\SvenCoop\models\svencooprpg2\hereticT.mdl
558=D:\Downloads\Sven\SvenCoop\models\svencooprpg2\hydra.mdl
559=D:\Downloads\Sven\SvenCoop\models\svencooprpg2\hydraT.mdl
560=D:\Downloads\Sven\SvenCoop\models\svencooprpg2\mage.mdl
561=D:\Downloads\Sven\SvenCoop\models\svencooprpg2\monster.mdl
562=D:\Downloads\Sven\SvenCoop\models\svencooprpg2\monsterT.mdl
563=D:\Downloads\Sven\SvenCoop\models\svencooprpg2\mushroom.mdl
564=D:\Downloads\Sven\SvenCoop\models\svencooprpg2\mushroom2.mdl
565=D:\Downloads\Sven\SvenCoop\models\svencooprpg2\priest.mdl
566=D:\Downloads\Sven\SvenCoop\models\svencooprpg2\p_2hb2.mdl
567=D:\Downloads\Sven\SvenCoop\models\svencooprpg2\p_flintlock.mdl
568=D:\Downloads\Sven\SvenCoop\models\svencooprpg2\p_hb1.mdl
569=D:\Downloads\Sven\SvenCoop\models\svencooprpg2\p_hb2.mdl
570=D:\Downloads\Sven\SvenCoop\models\svencooprpg2\p_hb3.mdl
571=D:\Downloads\Sven\SvenCoop\models\svencooprpg2\p_heal.mdl
572=D:\Downloads\Sven\SvenCoop\models\svencooprpg2\p_longbow.mdl
573=D:\Downloads\Sven\SvenCoop\models\svencooprpg2\p_sarticulus.mdl
574=D:\Downloads\Sven\SvenCoop\models\svencooprpg2\p_spell2.mdl
575=D:\Downloads\Sven\SvenCoop\models\svencooprpg2\p_spell3.mdl
576=D:\Downloads\Sven\SvenCoop\models\svencooprpg2\p_sword.mdl
577=D:\Downloads\Sven\SvenCoop\models\svencooprpg2\p_warhammer.mdl
578=D:\Downloads\Sven\SvenCoop\models\svencooprpg2\p_xbow.mdl
579=D:\Downloads\Sven\SvenCoop\models\svencooprpg2\rat.mdl
580=D:\Downloads\Sven\SvenCoop\models\svencooprpg2\ratT.mdl
581=D:\Downloads\Sven\SvenCoop\models\svencooprpg2\sheep.mdl
582=D:\Downloads\Sven\SvenCoop\models\svencooprpg2\sheep01.mdl
583=D:\Downloads\Sven\SvenCoop\models\svencooprpg2\sheep02.mdl
584=D:\Downloads\Sven\SvenCoop\models\svencooprpg2\sheepT.mdl
585=D:\Downloads\Sven\SvenCoop\models\svencooprpg2\v_2hb2.mdl
586=D:\Downloads\Sven\SvenCoop\models\svencooprpg2\v_flintlock.mdl
587=D:\Downloads\Sven\SvenCoop\models\svencooprpg2\v_hb1.mdl
588=D:\Downloads\Sven\SvenCoop\models\svencooprpg2\v_hb2.mdl
589=D:\Downloads\Sven\SvenCoop\models\svencooprpg2\v_hb3.mdl
590=D:\Downloads\Sven\SvenCoop\models\svencooprpg2\v_heal.mdl
591=D:\Downloads\Sven\SvenCoop\models\svencooprpg2\v_longbow.mdl
592=D:\Downloads\Sven\SvenCoop\models\svencooprpg2\v_sarticulus.mdl
593=D:\Downloads\Sven\SvenCoop\models\svencooprpg2\v_spell1.mdl
594=D:\Downloads\Sven\SvenCoop\models\svencooprpg2\v_spell2.mdl
595=D:\Downloads\Sven\SvenCoop\models\svencooprpg2\v_spell3.mdl
596=D:\Downloads\Sven\SvenCoop\models\svencooprpg2\v_sword.mdl
597=D:\Downloads\Sven\SvenCoop\models\svencooprpg2\v_warhammer.mdl
598=D:\Downloads\Sven\SvenCoop\models\svencooprpg2\v_xbow.mdl
599=D:\Downloads\Sven\SvenCoop\models\svencooprpg2\w_sword.mdl
600=D:\Downloads\Sven\SvenCoop\models\svencooprpg2\w_swordT.mdl
601=D:\Downloads\Sven\SvenCoop\models\svencooprpg2\w_warhammer.mdl
602=D:\Downloads\Sven\SvenCoop\models\svencooprpg2\w_warhammerT.mdl
603=D:\Downloads\Sven\SvenCoop\models\svencooprpg2\zombie.mdl
604=D:\Downloads\Sven\SvenCoop\models\svencooprpg2\zombiet.mdl
605=D:\Downloads\Sven\SvenCoop\models\v_medkit.mdl
606=D:\Downloads\Sven\SvenCoop\models\v_pipe_wrench.mdl
607=D:\Downloads\Sven\SvenCoop\models\w_pipe_wrench.mdl
608=D:\Downloads\Sven\SvenCoop\models\w_shock.mdl
609=D:\Downloads\Sven\SvenCoop\models\w_shock_rifle.mdl
610=D:\Downloads\Sven\SvenCoop\models\zombie.mdl
611=D:\Downloads\Sven\SvenCoop\models\zombie01.mdl
612=D:\Downloads\Sven\SvenCoop\models\zombie02.mdl
613=D:\Downloads\Sven\SvenCoop\models\zombie03.mdl
614=D:\Downloads\Sven\SvenCoop\models\zombiet.mdl
615=D:\Downloads\Sven\SvenCoop\sprites\320hudof01.spr
616=D:\Downloads\Sven\SvenCoop\sprites\640hudof01.spr
617=D:\Downloads\Sven\SvenCoop\sprites\640hudof02.spr
618=D:\Downloads\Sven\SvenCoop\sprites\640hudof03.spr
619=D:\Downloads\Sven\SvenCoop\sprites\640hudof04.spr
620=D:\Downloads\Sven\SvenCoop\sprites\biggun.spr
621=D:\Downloads\Sven\SvenCoop\sprites\laserdot.spr
622=D:\Downloads\Sven\SvenCoop\sprites\ofch1.spr
623=D:\Downloads\Sven\SvenCoop\sprites\ofch2.spr
624=D:\Downloads\Sven\SvenCoop\sprites\shellchrome.spr
625=D:\Downloads\Sven\SvenCoop\sprites\spore_exp_01.spr
626=D:\Downloads\Sven\SvenCoop\sprites\spore_exp_b_01.spr
627=D:\Downloads\Sven\SvenCoop\sprites\spore_exp_c_01.spr
628=D:\Downloads\Sven\SvenCoop\sprites\tinyspit.spr
629=D:\Downloads\Sven\SvenCoop\sprites\tongue.spr
630=D:\Downloads\Sven\SvenCoop\sprites\weapon_grapple.txt
631=D:\Downloads\Sven\SvenCoop\sprites\weapon_m249.txt
632=D:\Downloads\Sven\SvenCoop\sprites\weapon_minigun.txt
633=D:\Downloads\Sven\SvenCoop\sprites\weapon_sniperrifle.txt
634=D:\Downloads\Sven\SvenCoop\sprites\_tongue.spr
635=D:\Downloads\Sven\SvenCoop\sprites\320hud2.spr
636=D:\Downloads\Sven\SvenCoop\sprites\640hud7.spr
637=D:\Downloads\Sven\SvenCoop\sprites\hud.txt
638=D:\Downloads\Sven\SvenCoop\sprites\minigun_spin.txt
639=D:\Downloads\Sven\SvenCoop\sprites\weapon_minigun_spin.txt
640=D:\Downloads\Sven\SvenCoop\sprites\crosshairs.spr
641=D:\Downloads\Sven\SvenCoop\sprites\320hudsc.spr
642=D:\Downloads\Sven\SvenCoop\sprites\640hudsc.spr
643=D:\Downloads\Sven\SvenCoop\sprites\640wrhudsc.spr
644=D:\Downloads\Sven\SvenCoop\sprites\blood_chnk.spr
645=D:\Downloads\Sven\SvenCoop\sprites\grenade.spr
646=D:\Downloads\Sven\SvenCoop\sprites\mortarammo.spr
647=D:\Downloads\Sven\SvenCoop\sprites\muzzle_shock.spr
648=D:\Downloads\Sven\SvenCoop\sprites\pitdronespit.spr
649=D:\Downloads\Sven\SvenCoop\sprites\rain.spr
650=D:\Downloads\Sven\SvenCoop\sprites\saveme.spr
651=D:\Downloads\Sven\SvenCoop\sprites\spike_trail.spr
652=D:\Downloads\Sven\SvenCoop\sprites\tfchud05.spr
653=D:\Downloads\Sven\SvenCoop\sprites\tfchud06.spr
654=D:\Downloads\Sven\SvenCoop\sprites\weapon_crowbar_electric.txt
655=D:\Downloads\Sven\SvenCoop\sprites\weapon_medkit.txt
656=D:\Downloads\Sven\SvenCoop\sprites\weapon_pipewrench.txt
657=D:\Downloads\Sven\SvenCoop\sprites\weapon_uzi.txt
658=D:\Downloads\Sven\SvenCoop\sprites\weapon_uziakimbo.txt
659=D:\Downloads\Sven\SvenCoop\sound\weapons\alienweap_draw.wav
660=D:\Downloads\Sven\SvenCoop\sound\weapons\bgrapple_cough.wav
661=D:\Downloads\Sven\SvenCoop\sound\weapons\bgrapple_fire.wav
662=D:\Downloads\Sven\SvenCoop\sound\weapons\bgrapple_impact.wav
663=D:\Downloads\Sven\SvenCoop\sound\weapons\bgrapple_pull.wav
664=D:\Downloads\Sven\SvenCoop\sound\weapons\bgrapple_release.wav
665=D:\Downloads\Sven\SvenCoop\sound\weapons\bgrapple_wait.wav
666=D:\Downloads\Sven\SvenCoop\sound\weapons\saw_fire1.wav
667=D:\Downloads\Sven\SvenCoop\sound\weapons\saw_fire2.wav
668=D:\Downloads\Sven\SvenCoop\sound\weapons\saw_fire3.wav
669=D:\Downloads\Sven\SvenCoop\sound\weapons\saw_reload.wav
670=D:\Downloads\Sven\SvenCoop\sound\weapons\saw_reload2.wav
671=D:\Downloads\Sven\SvenCoop\sound\weapons\sniper_bolt1.wav
672=D:\Downloads\Sven\SvenCoop\sound\weapons\sniper_bolt2.wav
673=D:\Downloads\Sven\SvenCoop\sound\weapons\sniper_fire.wav
674=D:\Downloads\Sven\SvenCoop\sound\weapons\sniper_fire_last_round.wav
675=D:\Downloads\Sven\SvenCoop\sound\weapons\sniper_miss.wav
676=D:\Downloads\Sven\SvenCoop\sound\weapons\sniper_reload3.wav
677=D:\Downloads\Sven\SvenCoop\sound\weapons\sniper_reload_first_seq.wav
678=D:\Downloads\Sven\SvenCoop\sound\weapons\sniper_reload_second_seq.wav
679=D:\Downloads\Sven\SvenCoop\sound\weapons\sniper_zoom.wav
680=D:\Downloads\Sven\SvenCoop\sound\weapons\splauncher_bounce.wav
681=D:\Downloads\Sven\SvenCoop\sound\weapons\splauncher_impact.wav
682=D:\Downloads\Sven\SvenCoop\sound\weapons\spore_hit1.wav
683=D:\Downloads\Sven\SvenCoop\sound\weapons\afrikakorps\bazookareloadgetrocket.wav
684=D:\Downloads\Sven\SvenCoop\sound\weapons\afrikakorps\bazookareloadrocketin.wav
685=D:\Downloads\Sven\SvenCoop\sound\weapons\afrikakorps\bazookareloadshovehome.wav
686=D:\Downloads\Sven\SvenCoop\sound\weapons\afrikakorps\boltback.wav
687=D:\Downloads\Sven\SvenCoop\sound\weapons\afrikakorps\boltforward.wav
688=D:\Downloads\Sven\SvenCoop\sound\weapons\afrikakorps\grenpinpull.wav
689=D:\Downloads\Sven\SvenCoop\sound\weapons\afrikakorps\rifleselect.wav
690=D:\Downloads\Sven\SvenCoop\sound\weapons\afrikakorps\tommy_reload_clipin.wav
691=D:\Downloads\Sven\SvenCoop\sound\weapons\afrikakorps\tommy_reload_clipout.wav
692=D:\Downloads\Sven\SvenCoop\sound\weapons\afrikakorps\colt_draw_pullslide.wav
693=D:\Downloads\Sven\SvenCoop\sound\weapons\afrikakorps\colt_reload_clipin.wav
694=D:\Downloads\Sven\SvenCoop\sound\weapons\afrikakorps\colt_reload_clipout.wav
695=D:\Downloads\Sven\SvenCoop\sound\weapons\cbe\cbe_hit1.wav
696=D:\Downloads\Sven\SvenCoop\sound\weapons\cbe\cbe_hit2.wav
697=D:\Downloads\Sven\SvenCoop\sound\weapons\cbe\cbe_hitbod1.wav
698=D:\Downloads\Sven\SvenCoop\sound\weapons\cbe\cbe_hitbod2.wav
699=D:\Downloads\Sven\SvenCoop\sound\weapons\cbe\cbe_hitbod3.wav
700=D:\Downloads\Sven\SvenCoop\sound\weapons\cbe\cbe_idle1.wav
701=D:\Downloads\Sven\SvenCoop\sound\weapons\cbe\cbe_miss1.wav
702=D:\Downloads\Sven\SvenCoop\sound\weapons\cbe\cbe_miss2.wav
703=D:\Downloads\Sven\SvenCoop\sound\weapons\cbe\cbe_off.wav
704=D:\Downloads\Sven\SvenCoop\sound\weapons\cbe\cbe_on.wav
705=D:\Downloads\Sven\SvenCoop\sound\weapons\pwrench_big_hit1.wav
706=D:\Downloads\Sven\SvenCoop\sound\weapons\pwrench_big_hit2.wav
707=D:\Downloads\Sven\SvenCoop\sound\weapons\pwrench_big_hitbod1.wav
708=D:\Downloads\Sven\SvenCoop\sound\weapons\pwrench_big_hitbod2.wav
709=D:\Downloads\Sven\SvenCoop\sound\weapons\pwrench_big_miss.wav
710=D:\Downloads\Sven\SvenCoop\sound\weapons\pwrench_hit1.wav
711=D:\Downloads\Sven\SvenCoop\sound\weapons\pwrench_hit2.wav
712=D:\Downloads\Sven\SvenCoop\sound\weapons\pwrench_hitbod1.wav
713=D:\Downloads\Sven\SvenCoop\sound\weapons\pwrench_hitbod2.wav
714=D:\Downloads\Sven\SvenCoop\sound\weapons\pwrench_hitbod3.wav
715=D:\Downloads\Sven\SvenCoop\sound\weapons\pwrench_miss1.wav
716=D:\Downloads\Sven\SvenCoop\sound\weapons\pwrench_miss2.wav
717=D:\Downloads\Sven\SvenCoop\sound\weapons\shock_discharge.wav
718=D:\Downloads\Sven\SvenCoop\sound\weapons\shock_draw.wav
719=D:\Downloads\Sven\SvenCoop\sound\weapons\shock_fire.wav
720=D:\Downloads\Sven\SvenCoop\sound\weapons\shock_impact.wav
721=D:\Downloads\Sven\SvenCoop\sound\weapons\shock_recharge.wav
722=D:\Downloads\Sven\SvenCoop\sound\weapons\uzi\akimbo_deploy.wav
723=D:\Downloads\Sven\SvenCoop\sound\weapons\uzi\akimbo_pull1.wav
724=D:\Downloads\Sven\SvenCoop\sound\weapons\uzi\akimbo_pull2.wav
725=D:\Downloads\Sven\SvenCoop\sound\weapons\uzi\deploy.wav
726=D:\Downloads\Sven\SvenCoop\sound\weapons\uzi\deploy1.wav
727=D:\Downloads\Sven\SvenCoop\sound\weapons\uzi\fire_both1.wav
728=D:\Downloads\Sven\SvenCoop\sound\weapons\uzi\fire_both2.wav
729=D:\Downloads\Sven\SvenCoop\sound\weapons\uzi\reload1.wav
730=D:\Downloads\Sven\SvenCoop\sound\weapons\uzi\reload2.wav
731=D:\Downloads\Sven\SvenCoop\sound\weapons\uzi\reload3.wav
732=D:\Downloads\Sven\SvenCoop\sound\weapons\uzi\reload_left1.wav
733=D:\Downloads\Sven\SvenCoop\sound\weapons\uzi\reload_left2.wav
734=D:\Downloads\Sven\SvenCoop\sound\weapons\uzi\reload_right1.wav
735=D:\Downloads\Sven\SvenCoop\sound\weapons\uzi\reload_right2.wav
736=D:\Downloads\Sven\SvenCoop\sound\weapons\uzi\shoot1.wav
737=D:\Downloads\Sven\SvenCoop\sound\weapons\uzi\shoot2.wav
738=D:\Downloads\Sven\SvenCoop\sound\weapons\uzi\shoot3.wav
739=D:\Downloads\Sven\SvenCoop\sound\extended\keycode1.wav
740=D:\Downloads\Sven\SvenCoop\sound\extended\keycode2.wav
741=D:\Downloads\Sven\SvenCoop\sound\extended\papers.wav
742=D:\Downloads\Sven\SvenCoop\sound\extended\tankdie.wav
743=D:\Downloads\Sven\SvenCoop\sound\extended\tankmove.wav
744=D:\Downloads\Sven\SvenCoop\sound\extended\tankstart.wav
745=D:\Downloads\Sven\SvenCoop\sound\fgrunt\alert.wav
746=D:\Downloads\Sven\SvenCoop\sound\fgrunt\alien.wav
747=D:\Downloads\Sven\SvenCoop\sound\fgrunt\allclear.wav
748=D:\Downloads\Sven\SvenCoop\sound\fgrunt\area.wav
749=D:\Downloads\Sven\SvenCoop\sound\fgrunt\ass.wav
750=D:\Downloads\Sven\SvenCoop\sound\fgrunt\athority.wav
751=D:\Downloads\Sven\SvenCoop\sound\fgrunt\babysitting.wav
752=D:\Downloads\Sven\SvenCoop\sound\fgrunt\backup.wav
753=D:\Downloads\Sven\SvenCoop\sound\fgrunt\bfeeling.wav
754=D:\Downloads\Sven\SvenCoop\sound\fgrunt\blocked.wav
755=D:\Downloads\Sven\SvenCoop\sound\fgrunt\bogies.wav
756=D:\Downloads\Sven\SvenCoop\sound\fgrunt\busted.wav
757=D:\Downloads\Sven\SvenCoop\sound\fgrunt\charge.wav
758=D:\Downloads\Sven\SvenCoop\sound\fgrunt\check.wav
759=D:\Downloads\Sven\SvenCoop\sound\fgrunt\checkfire.wav
760=D:\Downloads\Sven\SvenCoop\sound\fgrunt\checkrecon.wav
761=D:\Downloads\Sven\SvenCoop\sound\fgrunt\chicken.wav
762=D:\Downloads\Sven\SvenCoop\sound\fgrunt\clear.wav
763=D:\Downloads\Sven\SvenCoop\sound\fgrunt\command.wav
764=D:\Downloads\Sven\SvenCoop\sound\fgrunt\corners.wav
765=D:\Downloads\Sven\SvenCoop\sound\fgrunt\corporal.wav
766=D:\Downloads\Sven\SvenCoop\sound\fgrunt\corporal_01.wav
767=D:\Downloads\Sven\SvenCoop\sound\fgrunt\cover.wav
768=D:\Downloads\Sven\SvenCoop\sound\fgrunt\covering.wav
769=D:\Downloads\Sven\SvenCoop\sound\fgrunt\coverup.wav
770=D:\Downloads\Sven\SvenCoop\sound\fgrunt\critical.wav
771=D:\Downloads\Sven\SvenCoop\sound\fgrunt\current.wav
772=D:\Downloads\Sven\SvenCoop\sound\fgrunt\cutting.wav
773=D:\Downloads\Sven\SvenCoop\sound\fgrunt\damage.wav
774=D:\Downloads\Sven\SvenCoop\sound\fgrunt\death1.wav
775=D:\Downloads\Sven\SvenCoop\sound\fgrunt\death2.wav
776=D:\Downloads\Sven\SvenCoop\sound\fgrunt\death3.wav
777=D:\Downloads\Sven\SvenCoop\sound\fgrunt\death4.wav
778=D:\Downloads\Sven\SvenCoop\sound\fgrunt\death5.wav
779=D:\Downloads\Sven\SvenCoop\sound\fgrunt\death6.wav
780=D:\Downloads\Sven\SvenCoop\sound\fgrunt\disney.wav
781=D:\Downloads\Sven\SvenCoop\sound\fgrunt\dogs.wav
782=D:\Downloads\Sven\SvenCoop\sound\fgrunt\down.wav
783=D:\Downloads\Sven\SvenCoop\sound\fgrunt\feel.wav
784=D:\Downloads\Sven\SvenCoop\sound\fgrunt\fire.wav
785=D:\Downloads\Sven\SvenCoop\sound\fgrunt\flank.wav
786=D:\Downloads\Sven\SvenCoop\sound\fgrunt\freaks.wav
787=D:\Downloads\Sven\SvenCoop\sound\fgrunt\friendly.wav
788=D:\Downloads\Sven\SvenCoop\sound\fgrunt\frosty.wav
789=D:\Downloads\Sven\SvenCoop\sound\fgrunt\fubar.wav
790=D:\Downloads\Sven\SvenCoop\sound\fgrunt\fwound.wav
791=D:\Downloads\Sven\SvenCoop\sound\fgrunt\getsome.wav
792=D:\Downloads\Sven\SvenCoop\sound\fgrunt\go.wav
793=D:\Downloads\Sven\SvenCoop\sound\fgrunt\gotit.wav
794=D:\Downloads\Sven\SvenCoop\sound\fgrunt\grenade.wav
795=D:\Downloads\Sven\SvenCoop\sound\fgrunt\gr_pain1.wav
796=D:\Downloads\Sven\SvenCoop\sound\fgrunt\gr_pain2.wav
797=D:\Downloads\Sven\SvenCoop\sound\fgrunt\gr_pain3.wav
798=D:\Downloads\Sven\SvenCoop\sound\fgrunt\gr_pain4.wav
799=D:\Downloads\Sven\SvenCoop\sound\fgrunt\gr_pain5.wav
800=D:\Downloads\Sven\SvenCoop\sound\fgrunt\gr_pain6.wav
801=D:\Downloads\Sven\SvenCoop\sound\fgrunt\guard.wav
802=D:\Downloads\Sven\SvenCoop\sound\fgrunt\guardduty.wav
803=D:\Downloads\Sven\SvenCoop\sound\fgrunt\hear.wav
804=D:\Downloads\Sven\SvenCoop\sound\fgrunt\hearsome.wav
805=D:\Downloads\Sven\SvenCoop\sound\fgrunt\hell.wav
806=D:\Downloads\Sven\SvenCoop\sound\fgrunt\hellosir.wav
807=D:\Downloads\Sven\SvenCoop\sound\fgrunt\hellout.wav
808=D:\Downloads\Sven\SvenCoop\sound\fgrunt\help.wav
809=D:\Downloads\Sven\SvenCoop\sound\fgrunt\hitbad.wav
810=D:\Downloads\Sven\SvenCoop\sound\fgrunt\hostiles.wav
811=D:\Downloads\Sven\SvenCoop\sound\fgrunt\hurt.wav
812=D:\Downloads\Sven\SvenCoop\sound\fgrunt\imhit.wav
813=D:\Downloads\Sven\SvenCoop\sound\fgrunt\incoming.wav
814=D:\Downloads\Sven\SvenCoop\sound\fgrunt\intro_fg01.wav
815=D:\Downloads\Sven\SvenCoop\sound\fgrunt\intro_fg02.wav
816=D:\Downloads\Sven\SvenCoop\sound\fgrunt\intro_fg03.wav
817=D:\Downloads\Sven\SvenCoop\sound\fgrunt\intro_fg04.wav
818=D:\Downloads\Sven\SvenCoop\sound\fgrunt\intro_fg05.wav
819=D:\Downloads\Sven\SvenCoop\sound\fgrunt\intro_fg06.wav
820=D:\Downloads\Sven\SvenCoop\sound\fgrunt\intro_fg07.wav
821=D:\Downloads\Sven\SvenCoop\sound\fgrunt\intro_fg08.wav
822=D:\Downloads\Sven\SvenCoop\sound\fgrunt\intro_fg09.wav
823=D:\Downloads\Sven\SvenCoop\sound\fgrunt\intro_fg10.wav
824=D:\Downloads\Sven\SvenCoop\sound\fgrunt\intro_fg11.wav
825=D:\Downloads\Sven\SvenCoop\sound\fgrunt\intro_fg12.wav
826=D:\Downloads\Sven\SvenCoop\sound\fgrunt\intro_fg13.wav
827=D:\Downloads\Sven\SvenCoop\sound\fgrunt\intro_fg14.wav
828=D:\Downloads\Sven\SvenCoop\sound\fgrunt\intro_fg15.wav
829=D:\Downloads\Sven\SvenCoop\sound\fgrunt\intro_fg16.wav
830=D:\Downloads\Sven\SvenCoop\sound\fgrunt\intro_fg17.wav
831=D:\Downloads\Sven\SvenCoop\sound\fgrunt\intro_fg18.wav
832=D:\Downloads\Sven\SvenCoop\sound\fgrunt\intro_fg19.wav
833=D:\Downloads\Sven\SvenCoop\sound\fgrunt\killer.wav
834=D:\Downloads\Sven\SvenCoop\sound\fgrunt\leave.wav
835=D:\Downloads\Sven\SvenCoop\sound\fgrunt\locksmith.wav
836=D:\Downloads\Sven\SvenCoop\sound\fgrunt\lost.wav
837=D:\Downloads\Sven\SvenCoop\sound\fgrunt\makeit.wav
838=D:\Downloads\Sven\SvenCoop\sound\fgrunt\marines.wav
839=D:\Downloads\Sven\SvenCoop\sound\fgrunt\medic.wav
840=D:\Downloads\Sven\SvenCoop\sound\fgrunt\medical.wav
841=D:\Downloads\Sven\SvenCoop\sound\fgrunt\medic_give_shot.wav
842=D:\Downloads\Sven\SvenCoop\sound\fgrunt\mission.wav
843=D:\Downloads\Sven\SvenCoop\sound\fgrunt\mister.wav
844=D:\Downloads\Sven\SvenCoop\sound\fgrunt\move.wav
845=D:\Downloads\Sven\SvenCoop\sound\fgrunt\moveup.wav
846=D:\Downloads\Sven\SvenCoop\sound\fgrunt\moving.wav
847=D:\Downloads\Sven\SvenCoop\sound\fgrunt\needmedic.wav
848=D:\Downloads\Sven\SvenCoop\sound\fgrunt\no.wav
849=D:\Downloads\Sven\SvenCoop\sound\fgrunt\nohealth.wav
850=D:\Downloads\Sven\SvenCoop\sound\fgrunt\nohostiles.wav
851=D:\Downloads\Sven\SvenCoop\sound\fgrunt\nomovement.wav
852=D:\Downloads\Sven\SvenCoop\sound\fgrunt\notfail.wav
853=D:\Downloads\Sven\SvenCoop\sound\fgrunt\nothing.wav
854=D:\Downloads\Sven\SvenCoop\sound\fgrunt\now.wav
855=D:\Downloads\Sven\SvenCoop\sound\fgrunt\of1a6_fg01.wav
856=D:\Downloads\Sven\SvenCoop\sound\fgrunt\of1a6_fg02.wav
857=D:\Downloads\Sven\SvenCoop\sound\fgrunt\of1a6_fg03.wav
858=D:\Downloads\Sven\SvenCoop\sound\fgrunt\of1a6_fg04.wav
859=D:\Downloads\Sven\SvenCoop\sound\fgrunt\of1a6_fg05.wav
860=D:\Downloads\Sven\SvenCoop\sound\fgrunt\of2a1_fg01.wav
861=D:\Downloads\Sven\SvenCoop\sound\fgrunt\of2a4_fg01.wav
862=D:\Downloads\Sven\SvenCoop\sound\fgrunt\of2a4_fg02.wav
863=D:\Downloads\Sven\SvenCoop\sound\fgrunt\of2a4_fg03.wav
864=D:\Downloads\Sven\SvenCoop\sound\fgrunt\of2a5_fg01.wav
865=D:\Downloads\Sven\SvenCoop\sound\fgrunt\of2a5_fg02.wav
866=D:\Downloads\Sven\SvenCoop\sound\fgrunt\of2a5_fg03.wav
867=D:\Downloads\Sven\SvenCoop\sound\fgrunt\of2a5_fg04.wav
868=D:\Downloads\Sven\SvenCoop\sound\fgrunt\of2a6_fg01.wav
869=D:\Downloads\Sven\SvenCoop\sound\fgrunt\of2a6_fg02.wav
870=D:\Downloads\Sven\SvenCoop\sound\fgrunt\of2a6_fg03.wav
871=D:\Downloads\Sven\SvenCoop\sound\fgrunt\of3a4_fg01.wav
872=D:\Downloads\Sven\SvenCoop\sound\fgrunt\of5a1_fg01.wav
873=D:\Downloads\Sven\SvenCoop\sound\fgrunt\of5a1_fg02.wav
874=D:\Downloads\Sven\SvenCoop\sound\fgrunt\of5a1_fg03.wav
875=D:\Downloads\Sven\SvenCoop\sound\fgrunt\of5a1_fg04.wav
876=D:\Downloads\Sven\SvenCoop\sound\fgrunt\of5a3_fg01.wav
877=D:\Downloads\Sven\SvenCoop\sound\fgrunt\of5a3_fg02.wav
878=D:\Downloads\Sven\SvenCoop\sound\fgrunt\of5a3_fg03.wav
879=D:\Downloads\Sven\SvenCoop\sound\fgrunt\of5a3_fg04.wav
880=D:\Downloads\Sven\SvenCoop\sound\fgrunt\of5a3_fg05.wav
881=D:\Downloads\Sven\SvenCoop\sound\fgrunt\of6a1_fg01.wav
882=D:\Downloads\Sven\SvenCoop\sound\fgrunt\of6a1_fg02.wav
883=D:\Downloads\Sven\SvenCoop\sound\fgrunt\onepiece.wav
884=D:\Downloads\Sven\SvenCoop\sound\fgrunt\oneshot.wav
885=D:\Downloads\Sven\SvenCoop\sound\fgrunt\orders.wav
886=D:\Downloads\Sven\SvenCoop\sound\fgrunt\outof.wav
887=D:\Downloads\Sven\SvenCoop\sound\fgrunt\pain1.wav
888=D:\Downloads\Sven\SvenCoop\sound\fgrunt\pain2.wav
889=D:\Downloads\Sven\SvenCoop\sound\fgrunt\pain3.wav
890=D:\Downloads\Sven\SvenCoop\sound\fgrunt\pain4.wav
891=D:\Downloads\Sven\SvenCoop\sound\fgrunt\pain5.wav
892=D:\Downloads\Sven\SvenCoop\sound\fgrunt\pain6.wav
893=D:\Downloads\Sven\SvenCoop\sound\fgrunt\post.wav
894=D:\Downloads\Sven\SvenCoop\sound\fgrunt\quiet.wav
895=D:\Downloads\Sven\SvenCoop\sound\fgrunt\rapidfire.wav
896=D:\Downloads\Sven\SvenCoop\sound\fgrunt\recon.wav
897=D:\Downloads\Sven\SvenCoop\sound\fgrunt\restricted.wav
898=D:\Downloads\Sven\SvenCoop\sound\fgrunt\restricted2.wav
899=D:\Downloads\Sven\SvenCoop\sound\fgrunt\retreat.wav
900=D:\Downloads\Sven\SvenCoop\sound\fgrunt\right.wav
901=D:\Downloads\Sven\SvenCoop\sound\fgrunt\roger.wav
902=D:\Downloads\Sven\SvenCoop\sound\fgrunt\scout.wav
903=D:\Downloads\Sven\SvenCoop\sound\fgrunt\sdamage.wav
904=D:\Downloads\Sven\SvenCoop\sound\fgrunt\secure.wav
905=D:\Downloads\Sven\SvenCoop\sound\fgrunt\seensquad.wav
906=D:\Downloads\Sven\SvenCoop\sound\fgrunt\shephard.wav
907=D:\Downloads\Sven\SvenCoop\sound\fgrunt\short.wav
908=D:\Downloads\Sven\SvenCoop\sound\fgrunt\sir.wav
909=D:\Downloads\Sven\SvenCoop\sound\fgrunt\sirnosir.wav
910=D:\Downloads\Sven\SvenCoop\sound\fgrunt\sirtexas.wav
911=D:\Downloads\Sven\SvenCoop\sound\fgrunt\siryessir.wav
912=D:\Downloads\Sven\SvenCoop\sound\fgrunt\sir_01.wav
913=D:\Downloads\Sven\SvenCoop\sound\fgrunt\situations.wav
914=D:\Downloads\Sven\SvenCoop\sound\fgrunt\six.wav
915=D:\Downloads\Sven\SvenCoop\sound\fgrunt\sniper.wav
916=D:\Downloads\Sven\SvenCoop\sound\fgrunt\sore.wav
917=D:\Downloads\Sven\SvenCoop\sound\fgrunt\stand.wav
918=D:\Downloads\Sven\SvenCoop\sound\fgrunt\stay.wav
919=D:\Downloads\Sven\SvenCoop\sound\fgrunt\stayalert.wav
920=D:\Downloads\Sven\SvenCoop\sound\fgrunt\staydown.wav
921=D:\Downloads\Sven\SvenCoop\sound\fgrunt\sting.wav
922=D:\Downloads\Sven\SvenCoop\sound\fgrunt\suppressing.wav
923=D:\Downloads\Sven\SvenCoop\sound\fgrunt\sweep.wav
924=D:\Downloads\Sven\SvenCoop\sound\fgrunt\tag.wav
925=D:\Downloads\Sven\SvenCoop\sound\fgrunt\take.wav
926=D:\Downloads\Sven\SvenCoop\sound\fgrunt\takecover.wav
927=D:\Downloads\Sven\SvenCoop\sound\fgrunt\talking.wav
928=D:\Downloads\Sven\SvenCoop\sound\fgrunt\thanks.wav
929=D:\Downloads\Sven\SvenCoop\sound\fgrunt\thick.wav
930=D:\Downloads\Sven\SvenCoop\sound\fgrunt\through.wav
931=D:\Downloads\Sven\SvenCoop\sound\fgrunt\torch_cut_loop.wav
932=D:\Downloads\Sven\SvenCoop\sound\fgrunt\torch_light.wav
933=D:\Downloads\Sven\SvenCoop\sound\fgrunt\tosee.wav
934=D:\Downloads\Sven\SvenCoop\sound\fgrunt\wantsome.wav
935=D:\Downloads\Sven\SvenCoop\sound\fgrunt\watchfire.wav
936=D:\Downloads\Sven\SvenCoop\sound\fgrunt\watchit.wav
937=D:\Downloads\Sven\SvenCoop\sound\fgrunt\yes.wav
938=D:\Downloads\Sven\SvenCoop\sound\fgrunt\yessir.wav
939=D:\Downloads\Sven\SvenCoop\sound\fgrunt\zone.wav
940=D:\Downloads\Sven\SvenCoop\sound\hassault\hw_gun4.wav
941=D:\Downloads\Sven\SvenCoop\sound\hassault\hw_shoot2.wav
942=D:\Downloads\Sven\SvenCoop\sound\hassault\hw_shoot3.wav
943=D:\Downloads\Sven\SvenCoop\sound\hassault\hw_spin.wav
944=D:\Downloads\Sven\SvenCoop\sound\hassault\hw_spindown.wav
945=D:\Downloads\Sven\SvenCoop\sound\hassault\hw_spinup.wav
946=D:\Downloads\Sven\SvenCoop\sound\minigun\hw_shoot1.wav
947=D:\Downloads\Sven\SvenCoop\sound\Rampage\button3.wav
948=D:\Downloads\Sven\SvenCoop\sound\Rampage\of1a6_rd01.wav
949=D:\Downloads\Sven\SvenCoop\sound\sandstone\blip.wav
950=D:\Downloads\Sven\SvenCoop\sound\svencoop2\grunt2.wav
951=D:\Downloads\Sven\SvenCoop\sound\svencoop2\kaaglose.wav
952=D:\Downloads\Sven\SvenCoop\sound\svencoop2\stadium3.wav
953=D:\Downloads\Sven\SvenCoop\sound\svencoop2\stadium3b.wav
954=D:\Downloads\Sven\SvenCoop\sound\svencoop2\stadium3c.wav
955=D:\Downloads\Sven\SvenCoop\sound\svencoop2\tor21.wav
956=D:\Downloads\Sven\SvenCoop\sound\svencoop2\tor22.wav
957=D:\Downloads\Sven\SvenCoop\sound\svencoop2\tor23.wav
958=D:\Downloads\Sven\SvenCoop\sound\svencoop2\tor24.wav
959=D:\Downloads\Sven\SvenCoop\sound\svencoop2\tor25.wav
960=D:\Downloads\Sven\SvenCoop\sound\svencoop2\weirdlaugh1.wav
961=D:\Downloads\Sven\SvenCoop\sound\svencoop2\weirdlaugh2.wav
962=D:\Downloads\Sven\SvenCoop\sound\vger\all.wav
963=D:\Downloads\Sven\SvenCoop\sound\vger\beer.wav
964=D:\Downloads\Sven\SvenCoop\sound\vger\bleeeat.wav
965=D:\Downloads\Sven\SvenCoop\sound\vger\capture.wav
966=D:\Downloads\Sven\SvenCoop\sound\vger\goodjob.wav
967=D:\Downloads\Sven\SvenCoop\sound\vger\heknows.wav
968=D:\Downloads\Sven\SvenCoop\sound\vger\help.wav
969=D:\Downloads\Sven\SvenCoop\sound\vger\personnel.wav
970=D:\Downloads\Sven\SvenCoop\sound\vger\sniper.wav
971=D:\Downloads\Sven\SvenCoop\sound\vger\theend.wav
972=D:\Downloads\Sven\SvenCoop\sound\vger\yessir.wav
973=D:\Downloads\Sven\SvenCoop\sound\voltigore\voltigore_alert1.wav
974=D:\Downloads\Sven\SvenCoop\sound\voltigore\voltigore_alert2.wav
975=D:\Downloads\Sven\SvenCoop\sound\voltigore\voltigore_alert3.wav
976=D:\Downloads\Sven\SvenCoop\sound\voltigore\voltigore_attack_melee1.wav
977=D:\Downloads\Sven\SvenCoop\sound\voltigore\voltigore_attack_melee2.wav
978=D:\Downloads\Sven\SvenCoop\sound\voltigore\voltigore_attack_shock.wav
979=D:\Downloads\Sven\SvenCoop\sound\voltigore\voltigore_communicate1.wav
980=D:\Downloads\Sven\SvenCoop\sound\voltigore\voltigore_communicate2.wav
981=D:\Downloads\Sven\SvenCoop\sound\voltigore\voltigore_communicate3.wav
982=D:\Downloads\Sven\SvenCoop\sound\voltigore\voltigore_die1.wav
983=D:\Downloads\Sven\SvenCoop\sound\voltigore\voltigore_die2.wav
984=D:\Downloads\Sven\SvenCoop\sound\voltigore\voltigore_die3.wav
985=D:\Downloads\Sven\SvenCoop\sound\voltigore\voltigore_eat.wav
986=D:\Downloads\Sven\SvenCoop\sound\voltigore\voltigore_footstep1.wav
987=D:\Downloads\Sven\SvenCoop\sound\voltigore\voltigore_footstep2.wav
988=D:\Downloads\Sven\SvenCoop\sound\voltigore\voltigore_footstep3.wav
989=D:\Downloads\Sven\SvenCoop\sound\voltigore\voltigore_idle1.wav
990=D:\Downloads\Sven\SvenCoop\sound\voltigore\voltigore_idle2.wav
991=D:\Downloads\Sven\SvenCoop\sound\voltigore\voltigore_idle3.wav
992=D:\Downloads\Sven\SvenCoop\sound\voltigore\voltigore_pain1.wav
993=D:\Downloads\Sven\SvenCoop\sound\voltigore\voltigore_pain2.wav
994=D:\Downloads\Sven\SvenCoop\sound\voltigore\voltigore_pain3.wav
995=D:\Downloads\Sven\SvenCoop\sound\voltigore\voltigore_pain4.wav
996=D:\Downloads\Sven\SvenCoop\sound\voltigore\voltigore_run_grunt1.wav
997=D:\Downloads\Sven\SvenCoop\sound\voltigore\voltigore_run_grunt2.wav
998=D:\Downloads\Sven\SvenCoop\sound\toonrun\ocean.wav
999=D:\Downloads\Sven\SvenCoop\sound\toonrun\piano.wav
1000=D:\Downloads\Sven\SvenCoop\sound\toonrun\plop.wav
1001=D:\Downloads\Sven\SvenCoop\sound\toonrun\Smb.wav
1002=D:\Downloads\Sven\SvenCoop\sound\toonrun\FlowerHurt.wav
1003=D:\Downloads\Sven\SvenCoop\sound\afrikakorps\afrikakorps_sfx.wav
1004=D:\Downloads\Sven\SvenCoop\sound\sc_greysnake\exp2.wav
1005=D:\Downloads\Sven\SvenCoop\sound\UI\buttonclick.wav
1006=D:\Downloads\Sven\SvenCoop\sound\UI\buttonclickrelease.wav
1007=D:\Downloads\Sven\SvenCoop\sound\UI\buttonrollover.wav
1008=D:\Downloads\Sven\SvenCoop\sound\scsentences\steam\sentence.txt
1009=D:\Downloads\Sven\SvenCoop\sound\scsentences\steam\sentences.txt
1010=D:\Downloads\Sven\SvenCoop\sound\scsentences\won\sentence.txt
1011=D:\Downloads\Sven\SvenCoop\sound\scsentences\won\sentences.txt
1012=D:\Downloads\Sven\SvenCoop\sound\babygar\gar_breathe3.wav
1013=D:\Downloads\Sven\SvenCoop\sound\gargfoot\whistle.wav
1014=D:\Downloads\Sven\SvenCoop\sound\shocktrooper\blis.wav
1015=D:\Downloads\Sven\SvenCoop\sound\shocktrooper\dit.wav
1016=D:\Downloads\Sven\SvenCoop\sound\shocktrooper\dup.wav
1017=D:\Downloads\Sven\SvenCoop\sound\shocktrooper\ga.wav
1018=D:\Downloads\Sven\SvenCoop\sound\shocktrooper\hyu.wav
1019=D:\Downloads\Sven\SvenCoop\sound\shocktrooper\ka.wav
1020=D:\Downloads\Sven\SvenCoop\sound\shocktrooper\kiml.wav
1021=D:\Downloads\Sven\SvenCoop\sound\shocktrooper\kss.wav
1022=D:\Downloads\Sven\SvenCoop\sound\shocktrooper\ku.wav
1023=D:\Downloads\Sven\SvenCoop\sound\shocktrooper\kur.wav
1024=D:\Downloads\Sven\SvenCoop\sound\shocktrooper\kyur.wav
1025=D:\Downloads\Sven\SvenCoop\sound\shocktrooper\mub.wav
1026=D:\Downloads\Sven\SvenCoop\sound\shocktrooper\puh.wav
1027=D:\Downloads\Sven\SvenCoop\sound\shocktrooper\pur.wav
1028=D:\Downloads\Sven\SvenCoop\sound\shocktrooper\ras.wav
1029=D:\Downloads\Sven\SvenCoop\sound\shocktrooper\thirv.wav
1030=D:\Downloads\Sven\SvenCoop\sound\shocktrooper\wirt.wav
1031=D:\Downloads\Sven\SvenCoop\sound\shocktrooper\shock_fire.wav
1032=D:\Downloads\Sven\SvenCoop\sound\shocktrooper\shock_trooper_attack.wav
1033=D:\Downloads\Sven\SvenCoop\sound\shocktrooper\shock_trooper_die1.wav
1034=D:\Downloads\Sven\SvenCoop\sound\shocktrooper\shock_trooper_die2.wav
1035=D:\Downloads\Sven\SvenCoop\sound\shocktrooper\shock_trooper_die3.wav
1036=D:\Downloads\Sven\SvenCoop\sound\shocktrooper\shock_trooper_die4.wav
1037=D:\Downloads\Sven\SvenCoop\sound\shocktrooper\shock_trooper_pain1.wav
1038=D:\Downloads\Sven\SvenCoop\sound\shocktrooper\shock_trooper_pain2.wav
1039=D:\Downloads\Sven\SvenCoop\sound\shocktrooper\shock_trooper_pain3.wav
1040=D:\Downloads\Sven\SvenCoop\sound\shocktrooper\shock_trooper_pain4.wav
1041=D:\Downloads\Sven\SvenCoop\sound\shocktrooper\shock_trooper_pain5.wav
1042=D:\Downloads\Sven\SvenCoop\sound\vox\buzzwarn.wav
1043=D:\Downloads\Sven\SvenCoop\sound\agrunt\_comma.wav
1044=D:\Downloads\Sven\SvenCoop\sound\ambience\water1.wav
1045=D:\Downloads\Sven\SvenCoop\sound\babygarg\gar_alert1.wav
1046=D:\Downloads\Sven\SvenCoop\sound\babygarg\gar_alert2.wav
1047=D:\Downloads\Sven\SvenCoop\sound\babygarg\gar_alert3.wav
1048=D:\Downloads\Sven\SvenCoop\sound\babygarg\gar_attack1.wav
1049=D:\Downloads\Sven\SvenCoop\sound\babygarg\gar_attack2.wav
1050=D:\Downloads\Sven\SvenCoop\sound\babygarg\gar_attack3.wav
1051=D:\Downloads\Sven\SvenCoop\sound\babygarg\gar_breathe1.wav
1052=D:\Downloads\Sven\SvenCoop\sound\babygarg\gar_breathe2.wav
1053=D:\Downloads\Sven\SvenCoop\sound\babygarg\gar_breathe3.wav
1054=D:\Downloads\Sven\SvenCoop\sound\babygarg\gar_die1.wav
1055=D:\Downloads\Sven\SvenCoop\sound\babygarg\gar_die2.wav
1056=D:\Downloads\Sven\SvenCoop\sound\babygarg\gar_flameoff1.wav
1057=D:\Downloads\Sven\SvenCoop\sound\babygarg\gar_flameon1.wav
1058=D:\Downloads\Sven\SvenCoop\sound\babygarg\gar_flamerun1.wav
1059=D:\Downloads\Sven\SvenCoop\sound\babygarg\gar_idle1.wav
1060=D:\Downloads\Sven\SvenCoop\sound\babygarg\gar_idle2.wav
1061=D:\Downloads\Sven\SvenCoop\sound\babygarg\gar_idle3.wav
1062=D:\Downloads\Sven\SvenCoop\sound\babygarg\gar_idle4.wav
1063=D:\Downloads\Sven\SvenCoop\sound\babygarg\gar_idle5.wav
1064=D:\Downloads\Sven\SvenCoop\sound\babygarg\gar_pain1.wav
1065=D:\Downloads\Sven\SvenCoop\sound\babygarg\gar_pain2.wav
1066=D:\Downloads\Sven\SvenCoop\sound\babygarg\gar_pain3.wav
1067=D:\Downloads\Sven\SvenCoop\sound\babygarg\gar_step1.wav
1068=D:\Downloads\Sven\SvenCoop\sound\babygarg\gar_step2.wav
1069=D:\Downloads\Sven\SvenCoop\sound\babygarg\gar_stomp1.wav
1070=D:\Downloads\Sven\SvenCoop\sound\bmt\f.wav
1071=D:\Downloads\Sven\SvenCoop\sound\bmt\w.wav
1072=D:\Downloads\Sven\SvenCoop\sound\extension\gruntot.wav
1073=D:\Downloads\Sven\SvenCoop\sound\gonome\gonome_death2.wav
1074=D:\Downloads\Sven\SvenCoop\sound\gonome\gonome_death3.wav
1075=D:\Downloads\Sven\SvenCoop\sound\gonome\gonome_death4.wav
1076=D:\Downloads\Sven\SvenCoop\sound\gonome\gonome_eat.wav
1077=D:\Downloads\Sven\SvenCoop\sound\gonome\gonome_idle1.wav
1078=D:\Downloads\Sven\SvenCoop\sound\gonome\gonome_idle2.wav
1079=D:\Downloads\Sven\SvenCoop\sound\gonome\gonome_idle3.wav
1080=D:\Downloads\Sven\SvenCoop\sound\gonome\gonome_jumpattack.wav
1081=D:\Downloads\Sven\SvenCoop\sound\gonome\gonome_melee1.wav
1082=D:\Downloads\Sven\SvenCoop\sound\gonome\gonome_melee2.wav
1083=D:\Downloads\Sven\SvenCoop\sound\gonome\gonome_pain1.wav
1084=D:\Downloads\Sven\SvenCoop\sound\gonome\gonome_pain2.wav
1085=D:\Downloads\Sven\SvenCoop\sound\gonome\gonome_pain3.wav
1086=D:\Downloads\Sven\SvenCoop\sound\gonome\gonome_pain4.wav
1087=D:\Downloads\Sven\SvenCoop\sound\gonome\gonome_run.wav
1088=D:\Downloads\Sven\SvenCoop\sound\grunts2\radio1.wav
1089=D:\Downloads\Sven\SvenCoop\sound\grunts2\radio2.wav
1090=D:\Downloads\Sven\SvenCoop\sound\misc\bbcover.wav
1091=D:\Downloads\Sven\SvenCoop\sound\misc\bbimpact.wav
1092=D:\Downloads\Sven\SvenCoop\sound\misc\secret.wav
1093=D:\Downloads\Sven\SvenCoop\sound\misc\talk.wav
1094=D:\Downloads\Sven\SvenCoop\sound\misc\ting.wav
1095=D:\Downloads\Sven\SvenCoop\sound\misc\water1.wav
1096=D:\Downloads\Sven\SvenCoop\sound\misc\wind2.wav
1097=D:\Downloads\Sven\SvenCoop\sound\otis\aliencombat.wav
1098=D:\Downloads\Sven\SvenCoop\sound\otis\aliens.wav
1099=D:\Downloads\Sven\SvenCoop\sound\otis\another.wav
1100=D:\Downloads\Sven\SvenCoop\sound\otis\ass.wav
1101=D:\Downloads\Sven\SvenCoop\sound\otis\beer.wav
1102=D:\Downloads\Sven\SvenCoop\sound\otis\behind.wav
1103=D:\Downloads\Sven\SvenCoop\sound\otis\breath.wav
1104=D:\Downloads\Sven\SvenCoop\sound\otis\bridge.wav
1105=D:\Downloads\Sven\SvenCoop\sound\otis\bring.wav
1106=D:\Downloads\Sven\SvenCoop\sound\otis\bully.wav
1107=D:\Downloads\Sven\SvenCoop\sound\otis\buttugly.wav
1108=D:\Downloads\Sven\SvenCoop\sound\otis\cantfigure.wav
1109=D:\Downloads\Sven\SvenCoop\sound\otis\chili.wav
1110=D:\Downloads\Sven\SvenCoop\sound\otis\chump.wav
1111=D:\Downloads\Sven\SvenCoop\sound\otis\close.wav
1112=D:\Downloads\Sven\SvenCoop\sound\otis\closet.wav
1113=D:\Downloads\Sven\SvenCoop\sound\otis\cousin.wav
1114=D:\Downloads\Sven\SvenCoop\sound\otis\damn.wav
1115=D:\Downloads\Sven\SvenCoop\sound\otis\dejavu.wav
1116=D:\Downloads\Sven\SvenCoop\sound\otis\die.wav
1117=D:\Downloads\Sven\SvenCoop\sound\otis\diealone.wav
1118=D:\Downloads\Sven\SvenCoop\sound\otis\dontguess.wav
1119=D:\Downloads\Sven\SvenCoop\sound\otis\donthurtem.wav
1120=D:\Downloads\Sven\SvenCoop\sound\otis\dontmake.wav
1121=D:\Downloads\Sven\SvenCoop\sound\otis\doubt.wav
1122=D:\Downloads\Sven\SvenCoop\sound\otis\firepl.wav
1123=D:\Downloads\Sven\SvenCoop\sound\otis\friends.wav
1124=D:\Downloads\Sven\SvenCoop\sound\otis\getanyworse.wav
1125=D:\Downloads\Sven\SvenCoop\sound\otis\gladof.wav
1126=D:\Downloads\Sven\SvenCoop\sound\otis\gotone.wav
1127=D:\Downloads\Sven\SvenCoop\sound\otis\go_on.wav
1128=D:\Downloads\Sven\SvenCoop\sound\otis\hearsomething.wav
1129=D:\Downloads\Sven\SvenCoop\sound\otis\hell.wav
1130=D:\Downloads\Sven\SvenCoop\sound\otis\hello.wav
1131=D:\Downloads\Sven\SvenCoop\sound\otis\help.wav
1132=D:\Downloads\Sven\SvenCoop\sound\otis\hey.wav
1133=D:\Downloads\Sven\SvenCoop\sound\otis\hitbad.wav
1134=D:\Downloads\Sven\SvenCoop\sound\otis\hiya.wav
1135=D:\Downloads\Sven\SvenCoop\sound\otis\illwait.wav
1136=D:\Downloads\Sven\SvenCoop\sound\otis\imdead.wav
1137=D:\Downloads\Sven\SvenCoop\sound\otis\imhit.wav
1138=D:\Downloads\Sven\SvenCoop\sound\otis\insurance.wav
1139=D:\Downloads\Sven\SvenCoop\sound\otis\janitor.wav
1140=D:\Downloads\Sven\SvenCoop\sound\otis\joinyou.wav
1141=D:\Downloads\Sven\SvenCoop\sound\otis\leavealone.wav
1142=D:\Downloads\Sven\SvenCoop\sound\otis\leftovers.wav
1143=D:\Downloads\Sven\SvenCoop\sound\otis\letsgo.wav
1144=D:\Downloads\Sven\SvenCoop\sound\otis\live.wav
1145=D:\Downloads\Sven\SvenCoop\sound\otis\mall.wav
1146=D:\Downloads\Sven\SvenCoop\sound\otis\maybe.wav
1147=D:\Downloads\Sven\SvenCoop\sound\otis\medic.wav
1148=D:\Downloads\Sven\SvenCoop\sound\otis\mom.wav
1149=D:\Downloads\Sven\SvenCoop\sound\otis\no.wav
1150=D:\Downloads\Sven\SvenCoop\sound\otis\noise.wav
1151=D:\Downloads\Sven\SvenCoop\sound\otis\noway.wav
1152=D:\Downloads\Sven\SvenCoop\sound\otis\of1a1_ot01.wav
1153=D:\Downloads\Sven\SvenCoop\sound\otis\of1a1_ot02.wav
1154=D:\Downloads\Sven\SvenCoop\sound\otis\of1a1_ot03.wav
1155=D:\Downloads\Sven\SvenCoop\sound\otis\of1a1_ot04.wav
1156=D:\Downloads\Sven\SvenCoop\sound\otis\of1a5_ot01.wav
1157=D:\Downloads\Sven\SvenCoop\sound\otis\of2a6_ot01.wav
1158=D:\Downloads\Sven\SvenCoop\sound\otis\of3a2_ot01.wav
1159=D:\Downloads\Sven\SvenCoop\sound\otis\of6a3_ot01.wav
1160=D:\Downloads\Sven\SvenCoop\sound\otis\onry.wav
1161=D:\Downloads\Sven\SvenCoop\sound\otis\ot_attack.wav
1162=D:\Downloads\Sven\SvenCoop\sound\otis\quitit.wav
1163=D:\Downloads\Sven\SvenCoop\sound\otis\reputation.wav
1164=D:\Downloads\Sven\SvenCoop\sound\otis\rightdirection.wav
1165=D:\Downloads\Sven\SvenCoop\sound\otis\scar.wav
1166=D:\Downloads\Sven\SvenCoop\sound\otis\seethat.wav
1167=D:\Downloads\Sven\SvenCoop\sound\otis\seeya.wav
1168=D:\Downloads\Sven\SvenCoop\sound\otis\slowingyoudown.wav
1169=D:\Downloads\Sven\SvenCoop\sound\otis\soldier.wav
1170=D:\Downloads\Sven\SvenCoop\sound\otis\somethingmoves.wav
1171=D:\Downloads\Sven\SvenCoop\sound\otis\somuch.wav
1172=D:\Downloads\Sven\SvenCoop\sound\otis\soundsbad.wav
1173=D:\Downloads\Sven\SvenCoop\sound\otis\standguard.wav
1174=D:\Downloads\Sven\SvenCoop\sound\otis\stupidmachines.wav
1175=D:\Downloads\Sven\SvenCoop\sound\otis\teamup.wav
1176=D:\Downloads\Sven\SvenCoop\sound\otis\together.wav
1177=D:\Downloads\Sven\SvenCoop\sound\otis\tomb.wav
1178=D:\Downloads\Sven\SvenCoop\sound\otis\virgin.wav
1179=D:\Downloads\Sven\SvenCoop\sound\otis\watchit.wav
1180=D:\Downloads\Sven\SvenCoop\sound\otis\wuss.wav
1181=D:\Downloads\Sven\SvenCoop\sound\otis\yeah.wav
1182=D:\Downloads\Sven\SvenCoop\sound\otis\yes.wav
1183=D:\Downloads\Sven\SvenCoop\sound\otis\youbet.wav
1184=D:\Downloads\Sven\SvenCoop\sound\otis\yourback.wav
1185=D:\Downloads\Sven\SvenCoop\sound\otis\yup.wav
1186=D:\Downloads\Sven\SvenCoop\sound\pitdrone\pit_drone_alert1.wav
1187=D:\Downloads\Sven\SvenCoop\sound\pitdrone\pit_drone_alert2.wav
1188=D:\Downloads\Sven\SvenCoop\sound\pitdrone\pit_drone_alert3.wav
1189=D:\Downloads\Sven\SvenCoop\sound\pitdrone\pit_drone_attack_spike1.wav
1190=D:\Downloads\Sven\SvenCoop\sound\pitdrone\pit_drone_attack_spike2.wav
1191=D:\Downloads\Sven\SvenCoop\sound\pitdrone\pit_drone_communicate1.wav
1192=D:\Downloads\Sven\SvenCoop\sound\pitdrone\pit_drone_communicate2.wav
1193=D:\Downloads\Sven\SvenCoop\sound\pitdrone\pit_drone_communicate3.wav
1194=D:\Downloads\Sven\SvenCoop\sound\pitdrone\pit_drone_communicate4.wav
1195=D:\Downloads\Sven\SvenCoop\sound\pitdrone\pit_drone_die1.wav
1196=D:\Downloads\Sven\SvenCoop\sound\pitdrone\pit_drone_die2.wav
1197=D:\Downloads\Sven\SvenCoop\sound\pitdrone\pit_drone_die3.wav
1198=D:\Downloads\Sven\SvenCoop\sound\pitdrone\pit_drone_eat.wav
1199=D:\Downloads\Sven\SvenCoop\sound\pitdrone\pit_drone_hunt1.wav
1200=D:\Downloads\Sven\SvenCoop\sound\pitdrone\pit_drone_hunt2.wav
1201=D:\Downloads\Sven\SvenCoop\sound\pitdrone\pit_drone_hunt3.wav
1202=D:\Downloads\Sven\SvenCoop\sound\pitdrone\pit_drone_idle1.wav
1203=D:\Downloads\Sven\SvenCoop\sound\pitdrone\pit_drone_idle2.wav
1204=D:\Downloads\Sven\SvenCoop\sound\pitdrone\pit_drone_idle3.wav
1205=D:\Downloads\Sven\SvenCoop\sound\pitdrone\pit_drone_melee_attack1.wav
1206=D:\Downloads\Sven\SvenCoop\sound\pitdrone\pit_drone_melee_attack2.wav
1207=D:\Downloads\Sven\SvenCoop\sound\pitdrone\pit_drone_pain1.wav
1208=D:\Downloads\Sven\SvenCoop\sound\pitdrone\pit_drone_pain2.wav
1209=D:\Downloads\Sven\SvenCoop\sound\pitdrone\pit_drone_pain3.wav
1210=D:\Downloads\Sven\SvenCoop\sound\pitdrone\pit_drone_pain4.wav
1211=D:\Downloads\Sven\SvenCoop\sound\pitdrone\pit_drone_run_on_grate.wav
1212=D:\Downloads\Sven\SvenCoop\sound\shockroach\shock_angry.wav
1213=D:\Downloads\Sven\SvenCoop\sound\shockroach\shock_bite.wav
1214=D:\Downloads\Sven\SvenCoop\sound\shockroach\shock_die.wav
1215=D:\Downloads\Sven\SvenCoop\sound\shockroach\shock_flinch.wav
1216=D:\Downloads\Sven\SvenCoop\sound\shockroach\shock_idle1.wav
1217=D:\Downloads\Sven\SvenCoop\sound\shockroach\shock_idle2.wav
1218=D:\Downloads\Sven\SvenCoop\sound\shockroach\shock_idle3.wav
1219=D:\Downloads\Sven\SvenCoop\sound\shockroach\shock_jump1.wav
1220=D:\Downloads\Sven\SvenCoop\sound\shockroach\shock_jump2.wav
1221=D:\Downloads\Sven\SvenCoop\sound\shockroach\shock_walk.wav
1222=D:\Downloads\Sven\SvenCoop\sound\speech\grenade1.wav
1223=D:\Downloads\Sven\SvenCoop\sound\speech\Pineapple.wav
1224=D:\Downloads\Sven\SvenCoop\sound\speech\saveme1.wav
1225=D:\Downloads\Sven\SvenCoop\sound\speech\saveme2.wav
1226=D:\Downloads\Sven\SvenCoop\sound\svencoop1\barney1.wav
1227=D:\Downloads\Sven\SvenCoop\sound\svencoop1\barney2.wav
1228=D:\Downloads\Sven\SvenCoop\sound\svencoop1\barney3.wav
1229=D:\Downloads\Sven\SvenCoop\sound\svencoop1\barney4.wav
1230=D:\Downloads\Sven\SvenCoop\sound\svencoop1\barney5.wav
1231=D:\Downloads\Sven\SvenCoop\sound\svencoop1\chubbyhelp.wav
1232=D:\Downloads\Sven\SvenCoop\sound\svencoop1\chubbyhelp2.wav
1233=D:\Downloads\Sven\SvenCoop\sound\svencoop1\stop.wav
1234=D:\Downloads\Sven\SvenCoop\sound\svencoop1\tor1.wav
1235=D:\Downloads\Sven\SvenCoop\sound\svencoop1\tor2.wav
1236=D:\Downloads\Sven\SvenCoop\sound\svencoop1\tor3.wav
1237=D:\Downloads\Sven\SvenCoop\sound\svencoop1\tormumble.wav
1238=D:\Downloads\Sven\SvenCoop\sound\thunder.wav
1239=D:\Downloads\Sven\SvenCoop\skill.cfg
1240=D:\Downloads\Sven\SvenCoop\sven-coop.fgd
1241=D:\Downloads\Sven\SvenCoop\gfx\env\carnivalbk.tga
1242=D:\Downloads\Sven\SvenCoop\gfx\env\carnivaldn.tga
1243=D:\Downloads\Sven\SvenCoop\gfx\env\carnivalft.tga
1244=D:\Downloads\Sven\SvenCoop\gfx\env\carnivallf.tga
1245=D:\Downloads\Sven\SvenCoop\gfx\env\carnivalrt.tga
1246=D:\Downloads\Sven\SvenCoop\gfx\env\carnivalup.tga
1247=D:\Downloads\Sven\SvenCoop\gfx\env\dustbowlBK.bmp
1248=D:\Downloads\Sven\SvenCoop\gfx\env\dustbowlBK.tga
1249=D:\Downloads\Sven\SvenCoop\gfx\env\dustbowlDN.bmp
1250=D:\Downloads\Sven\SvenCoop\gfx\env\dustbowlDN.tga
1251=D:\Downloads\Sven\SvenCoop\gfx\env\dustbowlFT.bmp
1252=D:\Downloads\Sven\SvenCoop\gfx\env\dustbowlFT.tga
1253=D:\Downloads\Sven\SvenCoop\gfx\env\dustbowlLF.bmp
1254=D:\Downloads\Sven\SvenCoop\gfx\env\dustbowlLF.tga
1255=D:\Downloads\Sven\SvenCoop\gfx\env\dustbowlRT.bmp
1256=D:\Downloads\Sven\SvenCoop\gfx\env\dustbowlRT.tga
1257=D:\Downloads\Sven\SvenCoop\gfx\env\dustbowlUP.bmp
1258=D:\Downloads\Sven\SvenCoop\gfx\env\dustbowlUP.tga
1259=D:\Downloads\Sven\SvenCoop\gfx\env\sandstoneBK.bmp
1260=D:\Downloads\Sven\SvenCoop\gfx\env\sandstoneBK.tga
1261=D:\Downloads\Sven\SvenCoop\gfx\env\sandstoneDN.bmp
1262=D:\Downloads\Sven\SvenCoop\gfx\env\sandstoneDN.tga
1263=D:\Downloads\Sven\SvenCoop\gfx\env\sandstoneFT.bmp
1264=D:\Downloads\Sven\SvenCoop\gfx\env\sandstoneFT.tga
1265=D:\Downloads\Sven\SvenCoop\gfx\env\sandstoneLF.bmp
1266=D:\Downloads\Sven\SvenCoop\gfx\env\sandstoneLF.tga
1267=D:\Downloads\Sven\SvenCoop\gfx\env\sandstoneRT.bmp
1268=D:\Downloads\Sven\SvenCoop\gfx\env\sandstoneRT.tga
1269=D:\Downloads\Sven\SvenCoop\gfx\env\sandstoneUP.bmp
1270=D:\Downloads\Sven\SvenCoop\gfx\env\sandstoneUP.tga
1271=D:\Downloads\Sven\SvenCoop\gfx\env\toonbk.bmp
1272=D:\Downloads\Sven\SvenCoop\gfx\env\toonbk.tga
1273=D:\Downloads\Sven\SvenCoop\gfx\env\toondn.bmp
1274=D:\Downloads\Sven\SvenCoop\gfx\env\toondn.tga
1275=D:\Downloads\Sven\SvenCoop\gfx\env\toonft.bmp
1276=D:\Downloads\Sven\SvenCoop\gfx\env\toonft.tga
1277=D:\Downloads\Sven\SvenCoop\gfx\env\toonlf.bmp
1278=D:\Downloads\Sven\SvenCoop\gfx\env\toonlf.tga
1279=D:\Downloads\Sven\SvenCoop\gfx\env\toonrt.bmp
1280=D:\Downloads\Sven\SvenCoop\gfx\env\toonrt.tga
1281=D:\Downloads\Sven\SvenCoop\gfx\env\toonup.bmp
1282=D:\Downloads\Sven\SvenCoop\gfx\env\toonup.tga
1283=D:\Downloads\Sven\SvenCoop\gfx\env\arcnbk.bmp
1284=D:\Downloads\Sven\SvenCoop\gfx\env\arcnbk.tga
1285=D:\Downloads\Sven\SvenCoop\gfx\env\arcndn.bmp
1286=D:\Downloads\Sven\SvenCoop\gfx\env\arcndn.tga
1287=D:\Downloads\Sven\SvenCoop\gfx\env\arcnft.bmp
1288=D:\Downloads\Sven\SvenCoop\gfx\env\arcnft.tga
1289=D:\Downloads\Sven\SvenCoop\gfx\env\arcnlf.bmp
1290=D:\Downloads\Sven\SvenCoop\gfx\env\arcnlf.tga
1291=D:\Downloads\Sven\SvenCoop\gfx\env\arcnrt.bmp
1292=D:\Downloads\Sven\SvenCoop\gfx\env\arcnrt.tga
1293=D:\Downloads\Sven\SvenCoop\gfx\env\arcnup.bmp
1294=D:\Downloads\Sven\SvenCoop\gfx\env\arcnup.tga
1295=D:\Downloads\Sven\SvenCoop\gfx\env\carnivalbk.bmp
1296=D:\Downloads\Sven\SvenCoop\gfx\env\carnivaldn.bmp
1297=D:\Downloads\Sven\SvenCoop\gfx\env\carnivalft.bmp
1298=D:\Downloads\Sven\SvenCoop\gfx\env\carnivallf.bmp
1299=D:\Downloads\Sven\SvenCoop\gfx\env\carnivalrt.bmp
1300=D:\Downloads\Sven\SvenCoop\gfx\env\carnivalup.bmp
1301=D:\Downloads\Sven\SvenCoop\gfx\env\ac_bk.bmp
1302=D:\Downloads\Sven\SvenCoop\gfx\env\ac_bk.tga
1303=D:\Downloads\Sven\SvenCoop\gfx\env\ac_dn.bmp
1304=D:\Downloads\Sven\SvenCoop\gfx\env\ac_dn.tga
1305=D:\Downloads\Sven\SvenCoop\gfx\env\ac_ft.bmp
1306=D:\Downloads\Sven\SvenCoop\gfx\env\ac_ft.tga
1307=D:\Downloads\Sven\SvenCoop\gfx\env\ac_lf.bmp
1308=D:\Downloads\Sven\SvenCoop\gfx\env\ac_lf.tga
1309=D:\Downloads\Sven\SvenCoop\gfx\env\ac_rt.bmp
1310=D:\Downloads\Sven\SvenCoop\gfx\env\ac_rt.tga
1311=D:\Downloads\Sven\SvenCoop\gfx\env\ac_up.bmp
1312=D:\Downloads\Sven\SvenCoop\gfx\env\ac_up.tga
1313=D:\Downloads\Sven\SvenCoop\gfx\env\canyonbk.bmp
1314=D:\Downloads\Sven\SvenCoop\gfx\env\canyonbk.tga
1315=D:\Downloads\Sven\SvenCoop\gfx\env\canyondn.bmp
1316=D:\Downloads\Sven\SvenCoop\gfx\env\canyondn.tga
1317=D:\Downloads\Sven\SvenCoop\gfx\env\canyonft.bmp
1318=D:\Downloads\Sven\SvenCoop\gfx\env\canyonft.tga
1319=D:\Downloads\Sven\SvenCoop\gfx\env\canyonlf.bmp
1320=D:\Downloads\Sven\SvenCoop\gfx\env\canyonlf.tga
1321=D:\Downloads\Sven\SvenCoop\gfx\env\canyonrt.bmp
1322=D:\Downloads\Sven\SvenCoop\gfx\env\canyonrt.tga
1323=D:\Downloads\Sven\SvenCoop\gfx\env\canyonup.bmp
1324=D:\Downloads\Sven\SvenCoop\gfx\env\canyonup.tga
1325=D:\Downloads\Sven\SvenCoop\gfx\env\gmcitybk.bmp
1326=D:\Downloads\Sven\SvenCoop\gfx\env\gmcitybk.tga
1327=D:\Downloads\Sven\SvenCoop\gfx\env\gmcitydn.bmp
1328=D:\Downloads\Sven\SvenCoop\gfx\env\gmcitydn.tga
1329=D:\Downloads\Sven\SvenCoop\gfx\env\gmcityft.bmp
1330=D:\Downloads\Sven\SvenCoop\gfx\env\gmcityft.tga
1331=D:\Downloads\Sven\SvenCoop\gfx\env\gmcitylf.bmp
1332=D:\Downloads\Sven\SvenCoop\gfx\env\gmcitylf.tga
1333=D:\Downloads\Sven\SvenCoop\gfx\env\gmcityrt.bmp
1334=D:\Downloads\Sven\SvenCoop\gfx\env\gmcityrt.tga
1335=D:\Downloads\Sven\SvenCoop\gfx\env\gmcityup.bmp
1336=D:\Downloads\Sven\SvenCoop\gfx\env\gmcityup.tga
1337=D:\Downloads\Sven\SvenCoop\gfx\env\grassybk.bmp
1338=D:\Downloads\Sven\SvenCoop\gfx\env\grassybk.tga
1339=D:\Downloads\Sven\SvenCoop\gfx\env\grassydn.bmp
1340=D:\Downloads\Sven\SvenCoop\gfx\env\grassydn.tga
1341=D:\Downloads\Sven\SvenCoop\gfx\env\grassyft.bmp
1342=D:\Downloads\Sven\SvenCoop\gfx\env\grassyft.tga
1343=D:\Downloads\Sven\SvenCoop\gfx\env\grassylf.bmp
1344=D:\Downloads\Sven\SvenCoop\gfx\env\grassylf.tga
1345=D:\Downloads\Sven\SvenCoop\gfx\env\grassyrt.bmp
1346=D:\Downloads\Sven\SvenCoop\gfx\env\grassyrt.tga
1347=D:\Downloads\Sven\SvenCoop\gfx\env\grassyup.bmp
1348=D:\Downloads\Sven\SvenCoop\gfx\env\grassyup.tga
1349=D:\Downloads\Sven\SvenCoop\gfx\env\hplanetbk.bmp
1350=D:\Downloads\Sven\SvenCoop\gfx\env\hplanetbk.tga
1351=D:\Downloads\Sven\SvenCoop\gfx\env\hplanetdn.bmp
1352=D:\Downloads\Sven\SvenCoop\gfx\env\hplanetdn.tga
1353=D:\Downloads\Sven\SvenCoop\gfx\env\hplanetft.bmp
1354=D:\Downloads\Sven\SvenCoop\gfx\env\hplanetft.tga
1355=D:\Downloads\Sven\SvenCoop\gfx\env\hplanetlf.bmp
1356=D:\Downloads\Sven\SvenCoop\gfx\env\hplanetlf.tga
1357=D:\Downloads\Sven\SvenCoop\gfx\env\hplanetrt.bmp
1358=D:\Downloads\Sven\SvenCoop\gfx\env\hplanetrt.tga
1359=D:\Downloads\Sven\SvenCoop\gfx\env\hplanetup.bmp
1360=D:\Downloads\Sven\SvenCoop\gfx\env\hplanetup.tga
1361=D:\Downloads\Sven\SvenCoop\gfx\env\tornskybk.bmp
1362=D:\Downloads\Sven\SvenCoop\gfx\env\tornskybk.tga
1363=D:\Downloads\Sven\SvenCoop\gfx\env\tornskydn.bmp
1364=D:\Downloads\Sven\SvenCoop\gfx\env\tornskydn.tga
1365=D:\Downloads\Sven\SvenCoop\gfx\env\tornskyft.bmp
1366=D:\Downloads\Sven\SvenCoop\gfx\env\tornskyft.tga
1367=D:\Downloads\Sven\SvenCoop\gfx\env\tornskylf.bmp
1368=D:\Downloads\Sven\SvenCoop\gfx\env\tornskylf.tga
1369=D:\Downloads\Sven\SvenCoop\gfx\env\tornskyrt.bmp
1370=D:\Downloads\Sven\SvenCoop\gfx\env\tornskyrt.tga
1371=D:\Downloads\Sven\SvenCoop\gfx\env\tornskyup.bmp
1372=D:\Downloads\Sven\SvenCoop\gfx\env\tornskyup.tga
1373=D:\Downloads\Sven\SvenCoop\gfx\shell\strings.lst
1374=D:\Downloads\Sven\SvenCoop\gfx\shell\Colors.lst
1375=D:\Downloads\Sven\SvenCoop\gfx\shell\kb_act.lst
1376=D:\Downloads\Sven\SvenCoop\gfx\shell\kb_def.lst
1377=D:\Downloads\Sven\SvenCoop\gfx\shell\btns_main.bmp
1378=D:\Downloads\Sven\SvenCoop\gfx\shell\cb_checked.bmp
1379=D:\Downloads\Sven\SvenCoop\gfx\shell\cb_down.bmp
1380=D:\Downloads\Sven\SvenCoop\gfx\shell\cb_over.bmp
1381=D:\Downloads\Sven\SvenCoop\gfx\shell\cls_d.bmp
1382=D:\Downloads\Sven\SvenCoop\gfx\shell\cls_f.bmp
1383=D:\Downloads\Sven\SvenCoop\gfx\shell\cls_n.bmp
1384=D:\Downloads\Sven\SvenCoop\gfx\shell\head_advanced.bmp
1385=D:\Downloads\Sven\SvenCoop\gfx\shell\head_advoptions.bmp
1386=D:\Downloads\Sven\SvenCoop\gfx\shell\head_audio.bmp
1387=D:\Downloads\Sven\SvenCoop\gfx\shell\head_config.bmp
1388=D:\Downloads\Sven\SvenCoop\gfx\shell\head_controls.bmp
1389=D:\Downloads\Sven\SvenCoop\gfx\shell\head_creategame.bmp
1390=D:\Downloads\Sven\SvenCoop\gfx\shell\head_createroom.bmp
1391=D:\Downloads\Sven\SvenCoop\gfx\shell\head_custom.bmp
1392=D:\Downloads\Sven\SvenCoop\gfx\shell\head_customize.bmp
1393=D:\Downloads\Sven\SvenCoop\gfx\shell\head_filter.bmp
1394=D:\Downloads\Sven\SvenCoop\gfx\shell\head_gameopts.bmp
1395=D:\Downloads\Sven\SvenCoop\gfx\shell\head_gore.bmp
1396=D:\Downloads\Sven\SvenCoop\gfx\shell\head_inetgames.bmp
1397=D:\Downloads\Sven\SvenCoop\gfx\shell\head_keyboard.bmp
1398=D:\Downloads\Sven\SvenCoop\gfx\shell\head_lan.bmp
1399=D:\Downloads\Sven\SvenCoop\gfx\shell\head_load.bmp
1400=D:\Downloads\Sven\SvenCoop\gfx\shell\head_multi.bmp
1401=D:\Downloads\Sven\SvenCoop\gfx\shell\head_newgame.bmp
1402=D:\Downloads\Sven\SvenCoop\gfx\shell\head_readme.bmp
1403=D:\Downloads\Sven\SvenCoop\gfx\shell\head_room.bmp
1404=D:\Downloads\Sven\SvenCoop\gfx\shell\head_rooms.bmp
1405=D:\Downloads\Sven\SvenCoop\gfx\shell\head_save.bmp
1406=D:\Downloads\Sven\SvenCoop\gfx\shell\head_saveload.bmp
1407=D:\Downloads\Sven\SvenCoop\gfx\shell\head_single.bmp
1408=D:\Downloads\Sven\SvenCoop\gfx\shell\head_video.bmp
1409=D:\Downloads\Sven\SvenCoop\gfx\shell\head_vidmodes.bmp
1410=D:\Downloads\Sven\SvenCoop\gfx\shell\head_vidoptions.bmp
1411=D:\Downloads\Sven\SvenCoop\gfx\shell\min_d.bmp
1412=D:\Downloads\Sven\SvenCoop\gfx\shell\min_f.bmp
1413=D:\Downloads\Sven\SvenCoop\gfx\shell\min_n.bmp
1414=D:\Downloads\Sven\SvenCoop\gfx\shell\splash.bmp
1415=D:\Downloads\Sven\SvenCoop\gfx\vgui\320_arrow.tga
1416=D:\Downloads\Sven\SvenCoop\gfx\vgui\320_arrowdn.tga
1417=D:\Downloads\Sven\SvenCoop\gfx\vgui\320_arrowup.tga
1418=D:\Downloads\Sven\SvenCoop\gfx\vgui\320_close.tga
1419=D:\Downloads\Sven\SvenCoop\gfx\vgui\320_hud.tga
1420=D:\Downloads\Sven\SvenCoop\gfx\vgui\320_next.tga
1421=D:\Downloads\Sven\SvenCoop\gfx\vgui\320_pause.tga
1422=D:\Downloads\Sven\SvenCoop\gfx\vgui\320_play.tga
1423=D:\Downloads\Sven\SvenCoop\gfx\vgui\320_previous.tga
1424=D:\Downloads\Sven\SvenCoop\gfx\vgui\320_rand.tga
1425=D:\Downloads\Sven\SvenCoop\gfx\vgui\320_randon.tga
1426=D:\Downloads\Sven\SvenCoop\gfx\vgui\320_stop.tga
1427=D:\Downloads\Sven\SvenCoop\gfx\vgui\320_time.tga
1428=D:\Downloads\Sven\SvenCoop\gfx\vgui\320_vdn.tga
1429=D:\Downloads\Sven\SvenCoop\gfx\vgui\320_vup.tga
1430=D:\Downloads\Sven\SvenCoop\gfx\vgui\640_arrow.tga
1431=D:\Downloads\Sven\SvenCoop\gfx\vgui\640_arrowdn.tga
1432=D:\Downloads\Sven\SvenCoop\gfx\vgui\640_arrowup.tga
1433=D:\Downloads\Sven\SvenCoop\gfx\vgui\640_close.tga
1434=D:\Downloads\Sven\SvenCoop\gfx\vgui\640_hud.tga
1435=D:\Downloads\Sven\SvenCoop\gfx\vgui\640_hud_health.tga
1436=D:\Downloads\Sven\SvenCoop\gfx\vgui\640_next.tga
1437=D:\Downloads\Sven\SvenCoop\gfx\vgui\640_pause.tga
1438=D:\Downloads\Sven\SvenCoop\gfx\vgui\640_play.tga
1439=D:\Downloads\Sven\SvenCoop\gfx\vgui\640_previous.tga
1440=D:\Downloads\Sven\SvenCoop\gfx\vgui\640_rand.tga
1441=D:\Downloads\Sven\SvenCoop\gfx\vgui\640_randon.tga
1442=D:\Downloads\Sven\SvenCoop\gfx\vgui\640_refresh.tga
1443=D:\Downloads\Sven\SvenCoop\gfx\vgui\640_stop.tga
1444=D:\Downloads\Sven\SvenCoop\gfx\vgui\640_time.tga
1445=D:\Downloads\Sven\SvenCoop\gfx\vgui\640_vdn.tga
1446=D:\Downloads\Sven\SvenCoop\gfx\vgui\640_vup.tga
1447=D:\Downloads\Sven\SvenCoop\manual\friendly.html
1448=D:\Downloads\Sven\SvenCoop\manual\highdef.html
1449=D:\Downloads\Sven\SvenCoop\manual\hostile.html
1450=D:\Downloads\Sven\SvenCoop\manual\images\2uzis.jpg
1451=D:\Downloads\Sven\SvenCoop\manual\images\babygarg.jpg
1452=D:\Downloads\Sven\SvenCoop\manual\images\babyvoltigore.jpg
1453=D:\Downloads\Sven\SvenCoop\manual\images\barnacle.jpg
1454=D:\Downloads\Sven\SvenCoop\manual\images\barneyzomb.jpg
1455=D:\Downloads\Sven\SvenCoop\manual\images\blackopsosp.jpg
1456=D:\Downloads\Sven\SvenCoop\manual\images\engi.jpg
1457=D:\Downloads\Sven\SvenCoop\manual\images\featurelist.jpg
1458=D:\Downloads\Sven\SvenCoop\manual\images\gonome1.jpg
1459=D:\Downloads\Sven\SvenCoop\manual\images\gonomeotis.jpg
1460=D:\Downloads\Sven\SvenCoop\manual\images\grunt1.jpg
1461=D:\Downloads\Sven\SvenCoop\manual\images\header.jpg
1462=D:\Downloads\Sven\SvenCoop\manual\images\hwguy.jpg
1463=D:\Downloads\Sven\SvenCoop\manual\images\index_1.jpg
1464=D:\Downloads\Sven\SvenCoop\manual\images\m40.jpg
1465=D:\Downloads\Sven\SvenCoop\manual\images\massn.jpg
1466=D:\Downloads\Sven\SvenCoop\manual\images\medic.jpg
1467=D:\Downloads\Sven\SvenCoop\manual\images\medkit.jpg
1468=D:\Downloads\Sven\SvenCoop\manual\images\minigun.jpg
1469=D:\Downloads\Sven\SvenCoop\manual\images\note.jpg
1470=D:\Downloads\Sven\SvenCoop\manual\images\otis.jpg
1471=D:\Downloads\Sven\SvenCoop\manual\images\pitdrone.jpg
1472=D:\Downloads\Sven\SvenCoop\manual\images\robogrunt.jpg
1473=D:\Downloads\Sven\SvenCoop\manual\images\shockroach.jpg
1474=D:\Downloads\Sven\SvenCoop\manual\images\shocktrooper.jpg
1475=D:\Downloads\Sven\SvenCoop\manual\images\soldierzomb.jpg
1476=D:\Downloads\Sven\SvenCoop\manual\images\tip.jpg
1477=D:\Downloads\Sven\SvenCoop\manual\images\uzi.jpg
1478=D:\Downloads\Sven\SvenCoop\manual\images\volti.jpg
1479=D:\Downloads\Sven\SvenCoop\manual\images\wrench.jpg
1480=D:\Downloads\Sven\SvenCoop\manual\images\bullet.gif
1481=D:\Downloads\Sven\SvenCoop\manual\images\cleansuit.jpg
1482=D:\Downloads\Sven\SvenCoop\manual\images\helmet.jpg
1483=D:\Downloads\Sven\SvenCoop\manual\index.html
1484=D:\Downloads\Sven\SvenCoop\manual\newfeatures.html
1485=D:\Downloads\Sven\SvenCoop\manual\weapons.html
1486=D:\Downloads\Sven\SvenCoop\manual\monsterid.jpg
1487=D:\Downloads\Sven\SvenCoop\manual\changes.html
1488=D:\Downloads\Sven\SvenCoop\manual\startup.html
1489=D:\Downloads\Sven\SvenCoop\settings.scr
1490=D:\Downloads\Sven\SvenCoop\afrikakorps.wad
1491=D:\Downloads\Sven\SvenCoop\events\minigun.sc
1492=D:\Downloads\Sven\SvenCoop\events\sniperrifle.sc
1493=D:\Downloads\Sven\SvenCoop\events\minigun_spin.sc
1494=D:\Downloads\Sven\SvenCoop\events\blood.sc
1495=D:\Downloads\Sven\SvenCoop\events\boom.sc
1496=D:\Downloads\Sven\SvenCoop\events\clcheck.sc
1497=D:\Downloads\Sven\SvenCoop\events\flame.sc
1498=D:\Downloads\Sven\SvenCoop\events\uzi.sc
1499=D:\Downloads\Sven\SvenCoop\events\uziakimbo.sc
1500=D:\Downloads\Sven\SvenCoop\events\weapon_custom.sc
1501=D:\Downloads\Sven\SvenCoop\listenserver.cfg
1502=D:\Downloads\Sven\SvenCoop\qfiles.exe
1503=D:\Downloads\Sven\SvenCoop\scopfor.wad
1504=D:\Downloads\Sven\SvenCoop\server.cfg
1505=D:\Downloads\Sven\SvenCoop\SPmapFix.bat
1506=D:\Downloads\Sven\SvenCoop\SPmapFix2.bat
1507=D:\Downloads\Sven\SvenCoop\SPmapFixReadme.txt
1508=D:\Downloads\Sven\SvenCoop\spmpatch.svn
1509=D:\Downloads\Sven\SvenCoop\Unfix_SPmaps.bat
1510=D:\Downloads\Sven\SvenCoop\Unfix_SPmaps2.bat
1511=D:\Downloads\Sven\SvenCoop\Content-HighDef.bat
1512=D:\Downloads\Sven\SvenCoop\Content-LowDef.bat
1513=D:\Downloads\Sven\SvenCoop\m_hidef.svn
1514=D:\Downloads\Sven\SvenCoop\m_lowdef.svn
1515=D:\Downloads\Sven\SvenCoop\unzip.exe
1516=D:\Downloads\Sven\SvenCoop\vger.wad
1517=D:\Downloads\Sven\SvenCoop\README.html
1518=D:\Downloads\Sven\SvenCoop\kk1.wad
1519=D:\Downloads\Sven\SvenCoop\liblist.gam
1520=D:\Downloads\Sven\SvenCoop\sc.ico
1521=D:\Downloads\Sven\SvenCoop\commandmenu.txt
1522=D:\Downloads\Sven\SvenCoop\autoexec.cfg
1523=D:\Downloads\Sven\SvenCoop\media\gamestartup.mp3
1524=D:\Downloads\Sven\SvenCoop\media\MenuMP3Readme.txt
1525=D:\Downloads\Sven\SvenCoop\media\logo.avi
1526=D:\Downloads\Sven\SvenCoop\resource\background\800_1_a_loading.tga
1527=D:\Downloads\Sven\SvenCoop\resource\background\800_1_b_loading.tga
1528=D:\Downloads\Sven\SvenCoop\resource\background\800_1_c_loading.tga
1529=D:\Downloads\Sven\SvenCoop\resource\background\800_1_d_loading.tga
1530=D:\Downloads\Sven\SvenCoop\resource\background\800_2_a_loading.tga
1531=D:\Downloads\Sven\SvenCoop\resource\background\800_2_b_loading.tga
1532=D:\Downloads\Sven\SvenCoop\resource\background\800_2_c_loading.tga
1533=D:\Downloads\Sven\SvenCoop\resource\background\800_2_d_loading.tga
1534=D:\Downloads\Sven\SvenCoop\resource\background\800_3_a_loading.tga
1535=D:\Downloads\Sven\SvenCoop\resource\background\800_3_b_loading.tga
1536=D:\Downloads\Sven\SvenCoop\resource\background\800_3_c_loading.tga
1537=D:\Downloads\Sven\SvenCoop\resource\background\800_3_d_loading.tga
1538=D:\Downloads\Sven\SvenCoop\resource\GameMenu.res
1539=D:\Downloads\Sven\SvenCoop\resource\LoadGameDialog.res
1540=D:\Downloads\Sven\SvenCoop\resource\NewGameDialog.res
1541=D:\Downloads\Sven\SvenCoop\resource\gameui_english.txt
1542=D:\Downloads\Sven\SvenCoop\resource\game_menu.tga
1543=D:\Downloads\Sven\SvenCoop\resource\game_menu_mouseover.tga
1544=D:\Downloads\Sven\SvenCoop\stadium.wad
1545=D:\Downloads\Sven\SvenCoop\game.ico
1546=D:\Downloads\Sven\SvenCoop\auspices.wad
1547=D:\Downloads\Sven\SvenCoop\kk2.wad
1548=D:\Downloads\Sven\SvenCoop\motd.txt
1549=D:\Downloads\Sven\SvenCoop\svencoop1.wad
1550=D:\Downloads\Sven\SvenCoop\zero.wad
1551=D:\Downloads\Sven\SvenCoop\mp3.txt
1552=D:\Downloads\Sven\SvenCoop\sc_files_STEAM.bat
1553=D:\Downloads\Sven\SvenCoop\sc_files_WON.bat
1554=D:\Downloads\Sven\SvenCoop\readme.txt
1555=D:\Downloads\Sven\SvenCoop\extension.wad
1556=D:\Downloads\Sven\SvenCoop\Houndeye Mapping.url
1557=D:\Downloads\Sven\SvenCoop\QuickStart.txt
1558=D:\Downloads\Sven\SvenCoop\license.txt
1559=D:\Downloads\Sven\SvenCoop\1024_textscheme.txt
1560=D:\Downloads\Sven\SvenCoop\1152_textscheme.txt
1561=D:\Downloads\Sven\SvenCoop\1280_textscheme.txt
1562=D:\Downloads\Sven\SvenCoop\1600_textscheme.txt
1563=D:\Downloads\Sven\SvenCoop\400_textscheme.txt
1564=D:\Downloads\Sven\SvenCoop\512_textscheme.txt
1565=D:\Downloads\Sven\SvenCoop\640_textscheme.txt
1566=D:\Downloads\Sven\SvenCoop\800_textscheme.txt
1567=D:\Downloads\Sven\SvenCoop\bmt.wad
1568=D:\Downloads\Sven\SvenCoop\cached.wad
1569=D:\Downloads\Sven\SvenCoop\comdlg32.ocx
1570=D:\Downloads\Sven\SvenCoop\coopcris.wad
1571=D:\Downloads\Sven\SvenCoop\decals.wad
1572=D:\Downloads\Sven\SvenCoop\delta.lst
1573=D:\Downloads\Sven\SvenCoop\Download MapsExtras.url
1574=D:\Downloads\Sven\SvenCoop\game.cfg
1575=D:\Downloads\Sven\SvenCoop\gmantowers.wad
1576=D:\Downloads\Sven\SvenCoop\jailbreak2.wad
1577=D:\Downloads\Sven\SvenCoop\mapcycle.txt
1578=D:\Downloads\Sven\SvenCoop\mapvote.cfg
1579=D:\Downloads\Sven\SvenCoop\Matrix.wad
1580=D:\Downloads\Sven\SvenCoop\megamonstermassacre.wad
1581=D:\Downloads\Sven\SvenCoop\mp3\cyborg-blevo.mp3
1582=D:\Downloads\Sven\SvenCoop\mp3\cyborg.txt
1583=D:\Downloads\Sven\SvenCoop\mp3list_generator.exe
1584=D:\Downloads\Sven\SvenCoop\MP3_Readme.txt
1585=D:\Downloads\Sven\SvenCoop\Mscomctl.ocx
1586=D:\Downloads\Sven\SvenCoop\MSSTDFMT.DLL
1587=D:\Downloads\Sven\SvenCoop\Msvbvm60.dll
1588=D:\Downloads\Sven\SvenCoop\nightmare.wad
1589=D:\Downloads\Sven\SvenCoop\osprey.wad
1590=D:\Downloads\Sven\SvenCoop\override_HDpack.bat
1591=D:\Downloads\Sven\SvenCoop\PKUNZJR.COM
1592=D:\Downloads\Sven\SvenCoop\scrpg2.wad
1593=D:\Downloads\Sven\SvenCoop\storage.wad
1594=D:\Downloads\Sven\SvenCoop\SvenCoop.qst
1595=D:\Downloads\Sven\SvenCoop\svencoop2.wad
1596=D:\Downloads\Sven\SvenCoop\titles.txt
1597=D:\Downloads\Sven\SvenCoop\Unfix_HDpack.bat
1598=D:\Downloads\Sven\SvenCoop\Update Half-Life.url
1599=D:\Downloads\Sven\SvenCoop\user.scr
1600=D:\Downloads\Sven\SvenCoop\version.ini
1601=D:\Downloads\Sven\SvenCoop\Visit SvenCoop.com.url
1602=D:\Downloads\Sven\hw.dll
1603=D:\Downloads\Sven\sw.dll
1604=D:\Downloads\Sven\swds.dll
1605=D:\Downloads\Sven\fmod.dll
1606=C:\ProgramData\Microsoft\Windows\Start Menu\Programs\Sven Co-op\Play SvenCo-op.lnk
1607=C:\ProgramData\Microsoft\Windows\Start Menu\Programs\Sven Co-op\Edit MP3 Playlist.lnk
1608=C:\ProgramData\Microsoft\Windows\Start Menu\Programs\Sven Co-op\Manual.lnk
1609=C:\ProgramData\Microsoft\Windows\Start Menu\Programs\Sven Co-op\Visit the SvenCo-op Site.lnk
1610=C:\ProgramData\Microsoft\Windows\Start Menu\Programs\Sven Co-op\Update Half-Life.lnk
1611=C:\ProgramData\Microsoft\Windows\Start Menu\Programs\Sven Co-op\Download SC Maps or Extras.lnk
1612=C:\ProgramData\Microsoft\Windows\Start Menu\Programs\Sven Co-op\Options\1. Install SP Storyline support.lnk
1613=C:\ProgramData\Microsoft\Windows\Start Menu\Programs\Sven Co-op\Options\2. Uninstall SP Story support.lnk
1614=C:\ProgramData\Microsoft\Windows\Start Menu\Programs\Sven Co-op\Options\5. Disable Blue Shift HD Pack.lnk
1615=C:\ProgramData\Microsoft\Windows\Start Menu\Programs\Sven Co-op\Options\6. Re-enable BS HD Pack.lnk
1616=C:\ProgramData\Microsoft\Windows\Start Menu\Programs\Sven Co-op\Options\3. High-Definition Content.lnk
1617=C:\ProgramData\Microsoft\Windows\Start Menu\Programs\Sven Co-op\Options\4. Low-Definition Content.lnk
1618=C:\ProgramData\Microsoft\Windows\Start Menu\Programs\Sven Co-op\Uninstall SvenCo-op.lnk
[SelfRegisteringFiles]
0=D:\Downloads\Sven\SvenCoop\comdlg32.ocx
1=D:\Downloads\Sven\SvenCoop\Mscomctl.ocx
2=D:\Downloads\Sven\SvenCoop\MSSTDFMT.DLL
3=D:\Downloads\Sven\SvenCoop\Msvbvm60.dll
[Shortcuts]
0=C:\Users\2cwldys\Desktop\PLAYSV~1.LNK
[RegKeys]
0=HKEY_LOCAL_MACHINE,SOFTWARE
count=6
1=HKEY_LOCAL_MACHINE,SOFTWARE\SvenCo-op
2=HKEY_LOCAL_MACHINE,SOFTWARE
3=HKEY_LOCAL_MACHINE,SOFTWARE\SvenCo-op
4=HKEY_LOCAL_MACHINE,SOFTWARE
5=HKEY_LOCAL_MACHINE,SOFTWARE\SvenCo-op
[RegNames2]
0=HKEY_LOCAL_MACHINE||SOFTWARE\SvenCo-op||installdir|| || ||1768128629
count=3
1=HKEY_LOCAL_MACHINE||SOFTWARE\SvenCo-op||mp3dir|| || ||174391528
2=HKEY_LOCAL_MACHINE||SOFTWARE\SvenCo-op||version|| || ||871461106
[IniEntries]
0=SvenCo-op,version,D:\Downloads\Sven\SvenCoop\version.ini,3.0
[Strings]
IDS_STRING1=Are you sure you want to completely remove the selected application and all of its components?
IDS_STRING2=Confirm File Deletion
IDS_STRING3=The system indicates that the following shared file is no longer used by any programs.
IDS_STRING4=Remove Shared File?
IDS_STRING5=Uninstall successfully completed.
IDS_STRING6=Uninstall
IDS_STRING7=If any programs are still using this file and it is removed, those programs may not function. Are you sure you want to remove the shared file?
IDS_STRING8=Uninstall was partially successful.
IDS_ADMINPRIVILEGESNEEDED=Administrative privileges are needed to uninstall this software.
IDS_YES=&Yes
IDS_NO=&No
IDS_YESTOALL=Yes to &All
IDS_REMOVINGFILE=Removing File:
